Time	Cycle	PC	Insn	Decoded instruction	Register and memory contents
              785000	         7	00000080	7100006f	jal	x0,790	  x0=0x00000000
              805000	         8	00000790	00000093	addi	x1,x0,0	  x0:0x00000000  x1=0x00000000
              825000	         9	00000794	00008113	addi	x2,x1,0	  x1:0x00000000  x2=0x00000000
              845000	        10	00000798	00008193	addi	x3,x1,0	  x1:0x00000000  x3=0x00000000
              865000	        11	0000079c	00008213	addi	x4,x1,0	  x1:0x00000000  x4=0x00000000
              885000	        12	000007a0	00008293	addi	x5,x1,0	  x1:0x00000000  x5=0x00000000
              905000	        13	000007a4	00008313	addi	x6,x1,0	  x1:0x00000000  x6=0x00000000
              925000	        14	000007a8	00008393	addi	x7,x1,0	  x1:0x00000000  x7=0x00000000
              945000	        15	000007ac	00008413	addi	x8,x1,0	  x1:0x00000000  x8=0x00000000
              965000	        16	000007b0	00008493	addi	x9,x1,0	  x1:0x00000000  x9=0x00000000
              985000	        17	000007b4	00008513	addi	x10,x1,0	  x1:0x00000000 x10=0x00000000
             1005000	        18	000007b8	00008593	addi	x11,x1,0	  x1:0x00000000 x11=0x00000000
             1025000	        19	000007bc	00008613	addi	x12,x1,0	  x1:0x00000000 x12=0x00000000
             1045000	        20	000007c0	00008693	addi	x13,x1,0	  x1:0x00000000 x13=0x00000000
             1065000	        21	000007c4	00008713	addi	x14,x1,0	  x1:0x00000000 x14=0x00000000
             1085000	        22	000007c8	00008793	addi	x15,x1,0	  x1:0x00000000 x15=0x00000000
             1105000	        23	000007cc	00008813	addi	x16,x1,0	  x1:0x00000000 x16=0x00000000
             1125000	        24	000007d0	00008893	addi	x17,x1,0	  x1:0x00000000 x17=0x00000000
             1145000	        25	000007d4	00008913	addi	x18,x1,0	  x1:0x00000000 x18=0x00000000
             1165000	        26	000007d8	00008993	addi	x19,x1,0	  x1:0x00000000 x19=0x00000000
             1185000	        27	000007dc	00008a13	addi	x20,x1,0	  x1:0x00000000 x20=0x00000000
             1205000	        28	000007e0	00008a93	addi	x21,x1,0	  x1:0x00000000 x21=0x00000000
             1225000	        29	000007e4	00008b13	addi	x22,x1,0	  x1:0x00000000 x22=0x00000000
             1245000	        30	000007e8	00008b93	addi	x23,x1,0	  x1:0x00000000 x23=0x00000000
             1265000	        31	000007ec	00008c13	addi	x24,x1,0	  x1:0x00000000 x24=0x00000000
             1285000	        32	000007f0	00008c93	addi	x25,x1,0	  x1:0x00000000 x25=0x00000000
             1305000	        33	000007f4	00008d13	addi	x26,x1,0	  x1:0x00000000 x26=0x00000000
             1325000	        34	000007f8	00008d93	addi	x27,x1,0	  x1:0x00000000 x27=0x00000000
             1345000	        35	000007fc	00008e13	addi	x28,x1,0	  x1:0x00000000 x28=0x00000000
             1365000	        36	00000800	00008e93	addi	x29,x1,0	  x1:0x00000000 x29=0x00000000
             1385000	        37	00000804	00008f13	addi	x30,x1,0	  x1:0x00000000 x30=0x00000000
             1405000	        38	00000808	00008f93	addi	x31,x1,0	  x1:0x00000000 x31=0x00000000
             1425000	        39	0000080c	000ff117	auipc	x2,0xff	  x2=0x000ff80c
             1445000	        40	00000810	7f410113	addi	x2,x2,2036	  x2:0x000ff80c  x2=0x00100000
             1465000	        41	00000814	00000d17	auipc	x26,0x0	 x26=0x00000814
             1485000	        42	00000818	0bcd0d13	addi	x26,x26,188	 x26:0x00000814 x26=0x000008d0
             1505000	        43	0000081c	00000d97	auipc	x27,0x0	 x27=0x0000081c
             1525000	        44	00000820	0c4d8d93	addi	x27,x27,196	 x27:0x0000081c x27=0x000008e0
             1545000	        45	00000824	01bd5863	bge	x26,x27,834	 x26:0x000008d0 x27:0x000008e0  x0=0x00000000
             1645000	        50	00000828	000d2023	sw	x0,0(x26)	 x26:0x000008d0  x0:0x00000000 PA:0x000008d0 store:0x00000000 load:0x00000513
             1665000	        51	0000082c	004d0d13	addi	x26,x26,4	 x26:0x000008d0 x26=0x000008d4
             1705000	        53	00000830	ffaddce3	bge	x27,x26,828	 x27:0x000008e0 x26:0x000008d4  x0=0x00000000
             1825000	        59	00000828	000d2023	sw	x0,0(x26)	 x26:0x000008d4  x0:0x00000000 PA:0x000008d4 store:0x00000000 load:0x00000513
             1845000	        60	0000082c	004d0d13	addi	x26,x26,4	 x26:0x000008d4 x26=0x000008d8
             1885000	        62	00000830	ffaddce3	bge	x27,x26,828	 x27:0x000008e0 x26:0x000008d8  x0=0x00000000
             2005000	        68	00000828	000d2023	sw	x0,0(x26)	 x26:0x000008d8  x0:0x00000000 PA:0x000008d8 store:0x00000000 load:0x00000513
             2025000	        69	0000082c	004d0d13	addi	x26,x26,4	 x26:0x000008d8 x26=0x000008dc
             2065000	        71	00000830	ffaddce3	bge	x27,x26,828	 x27:0x000008e0 x26:0x000008dc  x0=0x00000000
             2185000	        77	00000828	000d2023	sw	x0,0(x26)	 x26:0x000008dc  x0:0x00000000 PA:0x000008dc store:0x00000000 load:0x00000513
             2205000	        78	0000082c	004d0d13	addi	x26,x26,4	 x26:0x000008dc x26=0x000008e0
             2245000	        80	00000830	ffaddce3	bge	x27,x26,828	 x27:0x000008e0 x26:0x000008e0  x0=0x00000000
             2365000	        86	00000828	000d2023	sw	x0,0(x26)	 x26:0x000008e0  x0:0x00000000 PA:0x000008e0 store:0x00000000 load:0x00000513
             2385000	        87	0000082c	004d0d13	addi	x26,x26,4	 x26:0x000008e0 x26=0x000008e4
             2405000	        88	00000830	ffaddce3	bge	x27,x26,828	 x27:0x000008e0 x26:0x000008e4  x0=0x00000000
             2425000	        89	00000834	00000513	addi	x10,x0,0	  x0:0x00000000 x10=0x00000000
             2445000	        90	00000838	00000593	addi	x11,x0,0	  x0:0x00000000 x11=0x00000000
             2485000	        92	0000083c	e21ff0ef	jal	x1,65c	  x1=0x00000840
             2505000	        93	0000065c	fd010113	addi	x2,x2,-48	  x2:0x00100000  x2=0x000fffd0
             2605000	        98	00000660	02112623	sw	x1,44(x2)	  x2:0x000fffd0  x1:0x00000840 PA:0x000ffffc store:0x00000840 load:0x00a12623
             2705000	       103	00000664	02812423	sw	x8,40(x2)	  x2:0x000fffd0  x8:0x00000000 PA:0x000ffff8 store:0x00000000 load:0x00b12423
             2805000	       108	00000668	02912223	sw	x9,36(x2)	  x2:0x000fffd0  x9:0x00000000 PA:0x000ffff4 store:0x00000000 load:0x00000513
             2905000	       113	0000066c	00a12623	sw	x10,12(x2)	  x2:0x000fffd0 x10:0x00000000 PA:0x000fffdc store:0x00000000 load:0xc19ff0ef
             3005000	       118	00000670	00b12423	sw	x11,8(x2)	  x2:0x000fffd0 x11:0x00000000 PA:0x000fffd8 store:0x00000000 load:0xb15ff0ef
             3025000	       119	00000674	00000513	addi	x10,x0,0	  x0:0x00000000 x10=0x00000000
             3065000	       121	00000678	c19ff0ef	jal	x1,290	  x1=0x0000067c
             3105000	       123	00000290	fe010113	addi	x2,x2,-32	  x2:0x000fffd0  x2=0x000fffb0
             3205000	       128	00000294	00a12623	sw	x10,12(x2)	  x2:0x000fffb0 x10:0x00000000 PA:0x000fffbc store:0x00000000 load:0x00000793
             3305000	       133	00000298	00c12783	lw	x15,12(x2)	  x2:0x000fffb0 x15=0x00000000 PA:0x000fffbc store:0x00000000
             3345000	       135	0000029c	00078663	beq	x15,x0,2a8	 x15:0x00000000  x0:0x00000000  x0=0x00000000
             3405000	       138	000002a8	fff00793	addi	x15,x0,-1	  x0:0x00000000 x15=0xffffffff
             3505000	       143	000002ac	00f12e23	sw	x15,28(x2)	  x2:0x000fffb0 x15:0xffffffff PA:0x000fffcc store:0xffffffff load:0x00000013
             3605000	       148	000002b0	01c12783	lw	x15,28(x2)	  x2:0x000fffb0 x15=0xffffffff PA:0x000fffcc store:0x00000000
             3625000	       149	000002b4	32079073	csrrw	x0,mcountinhibit,x15	 x15:0xffffffff  x0=0x00000000
             3645000	       150	000002b8	00000013	addi	x0,x0,0	  x0:0x00000000  x0=0x00000000
             3665000	       151	000002bc	02010113	addi	x2,x2,32	  x2:0x000fffb0  x2=0x000fffd0
             3705000	       153	000002c0	00008067	jalr	x0,0(x1)	  x1:0x0000067c  x0=0x00000000
             3745000	       155	0000067c	b15ff0ef	jal	x1,190	  x1=0x00000680
             3765000	       156	00000190	b0201073	csrrw	x0,minstret,x0	  x0:0x00000000  x0=0x00000000
             3785000	       157	00000194	b0001073	csrrw	x0,mcycle,x0	  x0:0x00000000  x0=0x00000000
             3805000	       158	00000198	b0301073	csrrw	x0,mhpmcounter3,x0	  x0:0x00000000  x0=0x00000000
             3825000	       159	0000019c	b0401073	csrrw	x0,mhpmcounter4,x0	  x0:0x00000000  x0=0x00000000
             3845000	       160	000001a0	b0501073	csrrw	x0,mhpmcounter5,x0	  x0:0x00000000  x0=0x00000000
             3865000	       161	000001a4	b0601073	csrrw	x0,mhpmcounter6,x0	  x0:0x00000000  x0=0x00000000
             3885000	       162	000001a8	b0701073	csrrw	x0,mhpmcounter7,x0	  x0:0x00000000  x0=0x00000000
             3905000	       163	000001ac	b0801073	csrrw	x0,mhpmcounter8,x0	  x0:0x00000000  x0=0x00000000
             3925000	       164	000001b0	b0901073	csrrw	x0,mhpmcounter9,x0	  x0:0x00000000  x0=0x00000000
             3945000	       165	000001b4	b0a01073	csrrw	x0,mhpmcounter10,x0	  x0:0x00000000  x0=0x00000000
             3965000	       166	000001b8	b0b01073	csrrw	x0,mhpmcounter11,x0	  x0:0x00000000  x0=0x00000000
             3985000	       167	000001bc	b0c01073	csrrw	x0,mhpmcounter12,x0	  x0:0x00000000  x0=0x00000000
             4005000	       168	000001c0	b0d01073	csrrw	x0,mhpmcounter13,x0	  x0:0x00000000  x0=0x00000000
             4025000	       169	000001c4	b0e01073	csrrw	x0,mhpmcounter14,x0	  x0:0x00000000  x0=0x00000000
             4045000	       170	000001c8	b0f01073	csrrw	x0,mhpmcounter15,x0	  x0:0x00000000  x0=0x00000000
             4065000	       171	000001cc	b1001073	csrrw	x0,mhpmcounter16,x0	  x0:0x00000000  x0=0x00000000
             4085000	       172	000001d0	b1101073	csrrw	x0,mhpmcounter17,x0	  x0:0x00000000  x0=0x00000000
             4105000	       173	000001d4	b1201073	csrrw	x0,mhpmcounter18,x0	  x0:0x00000000  x0=0x00000000
             4125000	       174	000001d8	b1301073	csrrw	x0,mhpmcounter19,x0	  x0:0x00000000  x0=0x00000000
             4145000	       175	000001dc	b1401073	csrrw	x0,mhpmcounter20,x0	  x0:0x00000000  x0=0x00000000
             4165000	       176	000001e0	b1501073	csrrw	x0,mhpmcounter21,x0	  x0:0x00000000  x0=0x00000000
             4185000	       177	000001e4	b1601073	csrrw	x0,mhpmcounter22,x0	  x0:0x00000000  x0=0x00000000
             4205000	       178	000001e8	b1701073	csrrw	x0,mhpmcounter23,x0	  x0:0x00000000  x0=0x00000000
             4225000	       179	000001ec	b1801073	csrrw	x0,mhpmcounter24,x0	  x0:0x00000000  x0=0x00000000
             4245000	       180	000001f0	b1901073	csrrw	x0,mhpmcounter25,x0	  x0:0x00000000  x0=0x00000000
             4265000	       181	000001f4	b1a01073	csrrw	x0,mhpmcounter26,x0	  x0:0x00000000  x0=0x00000000
             4285000	       182	000001f8	b1b01073	csrrw	x0,mhpmcounter27,x0	  x0:0x00000000  x0=0x00000000
             4305000	       183	000001fc	b1c01073	csrrw	x0,mhpmcounter28,x0	  x0:0x00000000  x0=0x00000000
             4325000	       184	00000200	b1d01073	csrrw	x0,mhpmcounter29,x0	  x0:0x00000000  x0=0x00000000
             4345000	       185	00000204	b1e01073	csrrw	x0,mhpmcounter30,x0	  x0:0x00000000  x0=0x00000000
             4365000	       186	00000208	b1f01073	csrrw	x0,mhpmcounter31,x0	  x0:0x00000000  x0=0x00000000
             4385000	       187	0000020c	b8201073	csrrw	x0,minstreth,x0	  x0:0x00000000  x0=0x00000000
             4405000	       188	00000210	b8001073	csrrw	x0,mcycleh,x0	  x0:0x00000000  x0=0x00000000
             4425000	       189	00000214	b8301073	csrrw	x0,mhpmcounter3h,x0	  x0:0x00000000  x0=0x00000000
             4445000	       190	00000218	b8401073	csrrw	x0,mhpmcounter4h,x0	  x0:0x00000000  x0=0x00000000
             4465000	       191	0000021c	b8501073	csrrw	x0,mhpmcounter5h,x0	  x0:0x00000000  x0=0x00000000
             4485000	       192	00000220	b8601073	csrrw	x0,mhpmcounter6h,x0	  x0:0x00000000  x0=0x00000000
             4505000	       193	00000224	b8701073	csrrw	x0,mhpmcounter7h,x0	  x0:0x00000000  x0=0x00000000
             4525000	       194	00000228	b8801073	csrrw	x0,mhpmcounter8h,x0	  x0:0x00000000  x0=0x00000000
             4545000	       195	0000022c	b8901073	csrrw	x0,mhpmcounter9h,x0	  x0:0x00000000  x0=0x00000000
             4565000	       196	00000230	b8a01073	csrrw	x0,mhpmcounter10h,x0	  x0:0x00000000  x0=0x00000000
             4585000	       197	00000234	b8b01073	csrrw	x0,mhpmcounter11h,x0	  x0:0x00000000  x0=0x00000000
             4605000	       198	00000238	b8c01073	csrrw	x0,mhpmcounter12h,x0	  x0:0x00000000  x0=0x00000000
             4625000	       199	0000023c	b8d01073	csrrw	x0,mhpmcounter13h,x0	  x0:0x00000000  x0=0x00000000
             4645000	       200	00000240	b8e01073	csrrw	x0,mhpmcounter14h,x0	  x0:0x00000000  x0=0x00000000
             4665000	       201	00000244	b8f01073	csrrw	x0,mhpmcounter15h,x0	  x0:0x00000000  x0=0x00000000
             4685000	       202	00000248	b9001073	csrrw	x0,mhpmcounter16h,x0	  x0:0x00000000  x0=0x00000000
             4705000	       203	0000024c	b9101073	csrrw	x0,mhpmcounter17h,x0	  x0:0x00000000  x0=0x00000000
             4725000	       204	00000250	b9201073	csrrw	x0,mhpmcounter18h,x0	  x0:0x00000000  x0=0x00000000
             4745000	       205	00000254	b9301073	csrrw	x0,mhpmcounter19h,x0	  x0:0x00000000  x0=0x00000000
             4765000	       206	00000258	b9401073	csrrw	x0,mhpmcounter20h,x0	  x0:0x00000000  x0=0x00000000
             4785000	       207	0000025c	b9501073	csrrw	x0,mhpmcounter21h,x0	  x0:0x00000000  x0=0x00000000
             4805000	       208	00000260	b9601073	csrrw	x0,mhpmcounter22h,x0	  x0:0x00000000  x0=0x00000000
             4825000	       209	00000264	b9701073	csrrw	x0,mhpmcounter23h,x0	  x0:0x00000000  x0=0x00000000
             4845000	       210	00000268	b9801073	csrrw	x0,mhpmcounter24h,x0	  x0:0x00000000  x0=0x00000000
             4865000	       211	0000026c	b9901073	csrrw	x0,mhpmcounter25h,x0	  x0:0x00000000  x0=0x00000000
             4885000	       212	00000270	b9a01073	csrrw	x0,mhpmcounter26h,x0	  x0:0x00000000  x0=0x00000000
             4905000	       213	00000274	b9b01073	csrrw	x0,mhpmcounter27h,x0	  x0:0x00000000  x0=0x00000000
             4925000	       214	00000278	b9c01073	csrrw	x0,mhpmcounter28h,x0	  x0:0x00000000  x0=0x00000000
             4945000	       215	0000027c	b9d01073	csrrw	x0,mhpmcounter29h,x0	  x0:0x00000000  x0=0x00000000
             4965000	       216	00000280	b9e01073	csrrw	x0,mhpmcounter30h,x0	  x0:0x00000000  x0=0x00000000
             4985000	       217	00000284	b9f01073	csrrw	x0,mhpmcounter31h,x0	  x0:0x00000000  x0=0x00000000
             5005000	       218	00000288	00000013	addi	x0,x0,0	  x0:0x00000000  x0=0x00000000
             5045000	       220	0000028c	00008067	jalr	x0,0(x1)	  x1:0x00000680  x0=0x00000000
             5065000	       221	00000680	00100513	addi	x10,x0,1	  x0:0x00000000 x10=0x00000001
             5105000	       223	00000684	c0dff0ef	jal	x1,290	  x1=0x00000688
             5125000	       224	00000290	fe010113	addi	x2,x2,-32	  x2:0x000fffd0  x2=0x000fffb0
             5225000	       229	00000294	00a12623	sw	x10,12(x2)	  x2:0x000fffb0 x10:0x00000001 PA:0x000fffbc store:0x00000001 load:0x00000793
             5325000	       234	00000298	00c12783	lw	x15,12(x2)	  x2:0x000fffb0 x15=0x00000001 PA:0x000fffbc store:0x00000000
             5345000	       235	0000029c	00078663	beq	x15,x0,2a8	 x15:0x00000001  x0:0x00000000  x0=0x00000000
             5365000	       236	000002a0	00000793	addi	x15,x0,0	  x0:0x00000000 x15=0x00000000
             5405000	       238	000002a4	0080006f	jal	x0,2ac	  x0=0x00000000
             5505000	       243	000002ac	00f12e23	sw	x15,28(x2)	  x2:0x000fffb0 x15:0x00000000 PA:0x000fffcc store:0x00000000 load:0x00000013
             5605000	       248	000002b0	01c12783	lw	x15,28(x2)	  x2:0x000fffb0 x15=0x00000000 PA:0x000fffcc store:0x00000000
             5625000	       249	000002b4	32079073	csrrw	x0,mcountinhibit,x15	 x15:0x00000000  x0=0x00000000
             5645000	       250	000002b8	00000013	addi	x0,x0,0	  x0:0x00000000  x0=0x00000000
             5665000	       251	000002bc	02010113	addi	x2,x2,32	  x2:0x000fffb0  x2=0x000fffd0
             5705000	       253	000002c0	00008067	jalr	x0,0(x1)	  x1:0x00000688  x0=0x00000000
             5725000	       254	00000688	00000517	auipc	x10,0x0	 x10=0x00000688
             5745000	       255	0000068c	22050513	addi	x10,x10,544	 x10:0x00000688 x10=0x000008a8
             5785000	       257	00000690	a1dff0ef	jal	x1,ac	  x1=0x00000694
             5805000	       258	000000ac	fe010113	addi	x2,x2,-32	  x2:0x000fffd0  x2=0x000fffb0
             5905000	       263	000000b0	00112e23	sw	x1,28(x2)	  x2:0x000fffb0  x1:0x00000694 PA:0x000fffcc store:0x00000694 load:0x00c12783
             6005000	       268	000000b4	00a12623	sw	x10,12(x2)	  x2:0x000fffb0 x10:0x000008a8 PA:0x000fffbc store:0x000008a8 load:0x00178713
             6045000	       270	000000b8	01c0006f	jal	x0,d4	  x0=0x00000000
             6165000	       276	000000d4	00c12783	lw	x15,12(x2)	  x2:0x000fffb0 x15=0x000008a8 PA:0x000fffbc store:0x00000000
             6265000	       281	000000d8	0007c783	lbu	x15,0(x15)	 x15:0x000008a8 x15=0x00000048 PA:0x000008a8 store:0x00000000
             6305000	       283	000000dc	fe0790e3	bne	x15,x0,bc	 x15:0x00000048  x0:0x00000000  x0=0x00000000
             6445000	       290	000000bc	00c12783	lw	x15,12(x2)	  x2:0x000fffb0 x15=0x000008a8 PA:0x000fffbc store:0x00000000
             6465000	       291	000000c0	00178713	addi	x14,x15,1	 x15:0x000008a8 x14=0x000008a9
             6565000	       296	000000c4	00e12623	sw	x14,12(x2)	  x2:0x000fffb0 x14:0x000008a9 PA:0x000fffbc store:0x000008a9 load:0xfb5ff0ef
             6665000	       301	000000c8	0007c783	lbu	x15,0(x15)	 x15:0x000008a8 x15=0x00000048 PA:0x000008a8 store:0x00000000
             6685000	       302	000000cc	00078513	addi	x10,x15,0	 x15:0x00000048 x10=0x00000048
             6725000	       304	000000d0	fb5ff0ef	jal	x1,84	  x1=0x000000d4
             6765000	       306	00000084	ff010113	addi	x2,x2,-16	  x2:0x000fffb0  x2=0x000fffa0
             6865000	       311	00000088	00a12623	sw	x10,12(x2)	  x2:0x000fffa0 x10:0x00000048 PA:0x000fffac store:0x00000048 load:0x000207b7
             6965000	       316	0000008c	00c12783	lw	x15,12(x2)	  x2:0x000fffa0 x15=0x00000048 PA:0x000fffac store:0x00000000
             6985000	       317	00000090	0ff7f713	andi	x14,x15,255	 x15:0x00000048 x14=0x00000048
             7005000	       318	00000094	000207b7	lui	x15,0x20	 x15=0x00020000
             7105000	       323	00000098	00e7a023	sw	x14,0(x15)	 x15:0x00020000 x14:0x00000048 PA:0x00020000 store:0x00000048 load:0x01010113
             7205000	       328	0000009c	00c12783	lw	x15,12(x2)	  x2:0x000fffa0 x15=0x00000048 PA:0x000fffac store:0x00000000
             7225000	       329	000000a0	00078513	addi	x10,x15,0	 x15:0x00000048 x10=0x00000048
             7245000	       330	000000a4	01010113	addi	x2,x2,16	  x2:0x000fffa0  x2=0x000fffb0
             7285000	       332	000000a8	00008067	jalr	x0,0(x1)	  x1:0x000000d4  x0=0x00000000
             7385000	       337	000000d4	00c12783	lw	x15,12(x2)	  x2:0x000fffb0 x15=0x000008a9 PA:0x000fffbc store:0x00000000
             7485000	       342	000000d8	0007c783	lbu	x15,0(x15)	 x15:0x000008a9 x15=0x00000065 PA:0x000008a9 store:0x00000000
             7525000	       344	000000dc	fe0790e3	bne	x15,x0,bc	 x15:0x00000065  x0:0x00000000  x0=0x00000000
             7665000	       351	000000bc	00c12783	lw	x15,12(x2)	  x2:0x000fffb0 x15=0x000008a9 PA:0x000fffbc store:0x00000000
             7685000	       352	000000c0	00178713	addi	x14,x15,1	 x15:0x000008a9 x14=0x000008aa
             7785000	       357	000000c4	00e12623	sw	x14,12(x2)	  x2:0x000fffb0 x14:0x000008aa PA:0x000fffbc store:0x000008aa load:0xfb5ff0ef
             7885000	       362	000000c8	0007c783	lbu	x15,0(x15)	 x15:0x000008a9 x15=0x00000065 PA:0x000008a9 store:0x00000000
             7905000	       363	000000cc	00078513	addi	x10,x15,0	 x15:0x00000065 x10=0x00000065
             7945000	       365	000000d0	fb5ff0ef	jal	x1,84	  x1=0x000000d4
             7985000	       367	00000084	ff010113	addi	x2,x2,-16	  x2:0x000fffb0  x2=0x000fffa0
             8085000	       372	00000088	00a12623	sw	x10,12(x2)	  x2:0x000fffa0 x10:0x00000065 PA:0x000fffac store:0x00000065 load:0x000207b7
             8185000	       377	0000008c	00c12783	lw	x15,12(x2)	  x2:0x000fffa0 x15=0x00000065 PA:0x000fffac store:0x00000000
             8205000	       378	00000090	0ff7f713	andi	x14,x15,255	 x15:0x00000065 x14=0x00000065
             8225000	       379	00000094	000207b7	lui	x15,0x20	 x15=0x00020000
             8325000	       384	00000098	00e7a023	sw	x14,0(x15)	 x15:0x00020000 x14:0x00000065 PA:0x00020000 store:0x00000065 load:0x01010113
             8425000	       389	0000009c	00c12783	lw	x15,12(x2)	  x2:0x000fffa0 x15=0x00000065 PA:0x000fffac store:0x00000000
             8445000	       390	000000a0	00078513	addi	x10,x15,0	 x15:0x00000065 x10=0x00000065
             8465000	       391	000000a4	01010113	addi	x2,x2,16	  x2:0x000fffa0  x2=0x000fffb0
             8505000	       393	000000a8	00008067	jalr	x0,0(x1)	  x1:0x000000d4  x0=0x00000000
             8605000	       398	000000d4	00c12783	lw	x15,12(x2)	  x2:0x000fffb0 x15=0x000008aa PA:0x000fffbc store:0x00000000
             8705000	       403	000000d8	0007c783	lbu	x15,0(x15)	 x15:0x000008aa x15=0x0000006c PA:0x000008aa store:0x00000000
             8745000	       405	000000dc	fe0790e3	bne	x15,x0,bc	 x15:0x0000006c  x0:0x00000000  x0=0x00000000
             8885000	       412	000000bc	00c12783	lw	x15,12(x2)	  x2:0x000fffb0 x15=0x000008aa PA:0x000fffbc store:0x00000000
             8905000	       413	000000c0	00178713	addi	x14,x15,1	 x15:0x000008aa x14=0x000008ab
             9005000	       418	000000c4	00e12623	sw	x14,12(x2)	  x2:0x000fffb0 x14:0x000008ab PA:0x000fffbc store:0x000008ab load:0xfb5ff0ef
             9105000	       423	000000c8	0007c783	lbu	x15,0(x15)	 x15:0x000008aa x15=0x0000006c PA:0x000008aa store:0x00000000
             9125000	       424	000000cc	00078513	addi	x10,x15,0	 x15:0x0000006c x10=0x0000006c
             9165000	       426	000000d0	fb5ff0ef	jal	x1,84	  x1=0x000000d4
             9205000	       428	00000084	ff010113	addi	x2,x2,-16	  x2:0x000fffb0  x2=0x000fffa0
             9305000	       433	00000088	00a12623	sw	x10,12(x2)	  x2:0x000fffa0 x10:0x0000006c PA:0x000fffac store:0x0000006c load:0x000207b7
             9405000	       438	0000008c	00c12783	lw	x15,12(x2)	  x2:0x000fffa0 x15=0x0000006c PA:0x000fffac store:0x00000000
             9425000	       439	00000090	0ff7f713	andi	x14,x15,255	 x15:0x0000006c x14=0x0000006c
             9445000	       440	00000094	000207b7	lui	x15,0x20	 x15=0x00020000
             9545000	       445	00000098	00e7a023	sw	x14,0(x15)	 x15:0x00020000 x14:0x0000006c PA:0x00020000 store:0x0000006c load:0x01010113
             9645000	       450	0000009c	00c12783	lw	x15,12(x2)	  x2:0x000fffa0 x15=0x0000006c PA:0x000fffac store:0x00000000
             9665000	       451	000000a0	00078513	addi	x10,x15,0	 x15:0x0000006c x10=0x0000006c
             9685000	       452	000000a4	01010113	addi	x2,x2,16	  x2:0x000fffa0  x2=0x000fffb0
             9725000	       454	000000a8	00008067	jalr	x0,0(x1)	  x1:0x000000d4  x0=0x00000000
             9825000	       459	000000d4	00c12783	lw	x15,12(x2)	  x2:0x000fffb0 x15=0x000008ab PA:0x000fffbc store:0x00000000
             9925000	       464	000000d8	0007c783	lbu	x15,0(x15)	 x15:0x000008ab x15=0x0000006c PA:0x000008ab store:0x00000000
             9965000	       466	000000dc	fe0790e3	bne	x15,x0,bc	 x15:0x0000006c  x0:0x00000000  x0=0x00000000
            10105000	       473	000000bc	00c12783	lw	x15,12(x2)	  x2:0x000fffb0 x15=0x000008ab PA:0x000fffbc store:0x00000000
            10125000	       474	000000c0	00178713	addi	x14,x15,1	 x15:0x000008ab x14=0x000008ac
            10225000	       479	000000c4	00e12623	sw	x14,12(x2)	  x2:0x000fffb0 x14:0x000008ac PA:0x000fffbc store:0x000008ac load:0xfb5ff0ef
            10325000	       484	000000c8	0007c783	lbu	x15,0(x15)	 x15:0x000008ab x15=0x0000006c PA:0x000008ab store:0x00000000
            10345000	       485	000000cc	00078513	addi	x10,x15,0	 x15:0x0000006c x10=0x0000006c
            10385000	       487	000000d0	fb5ff0ef	jal	x1,84	  x1=0x000000d4
            10425000	       489	00000084	ff010113	addi	x2,x2,-16	  x2:0x000fffb0  x2=0x000fffa0
            10525000	       494	00000088	00a12623	sw	x10,12(x2)	  x2:0x000fffa0 x10:0x0000006c PA:0x000fffac store:0x0000006c load:0x000207b7
            10625000	       499	0000008c	00c12783	lw	x15,12(x2)	  x2:0x000fffa0 x15=0x0000006c PA:0x000fffac store:0x00000000
            10645000	       500	00000090	0ff7f713	andi	x14,x15,255	 x15:0x0000006c x14=0x0000006c
            10665000	       501	00000094	000207b7	lui	x15,0x20	 x15=0x00020000
            10765000	       506	00000098	00e7a023	sw	x14,0(x15)	 x15:0x00020000 x14:0x0000006c PA:0x00020000 store:0x0000006c load:0x01010113
            10865000	       511	0000009c	00c12783	lw	x15,12(x2)	  x2:0x000fffa0 x15=0x0000006c PA:0x000fffac store:0x00000000
            10885000	       512	000000a0	00078513	addi	x10,x15,0	 x15:0x0000006c x10=0x0000006c
            10905000	       513	000000a4	01010113	addi	x2,x2,16	  x2:0x000fffa0  x2=0x000fffb0
            10945000	       515	000000a8	00008067	jalr	x0,0(x1)	  x1:0x000000d4  x0=0x00000000
            11045000	       520	000000d4	00c12783	lw	x15,12(x2)	  x2:0x000fffb0 x15=0x000008ac PA:0x000fffbc store:0x00000000
            11145000	       525	000000d8	0007c783	lbu	x15,0(x15)	 x15:0x000008ac x15=0x0000006f PA:0x000008ac store:0x00000000
            11185000	       527	000000dc	fe0790e3	bne	x15,x0,bc	 x15:0x0000006f  x0:0x00000000  x0=0x00000000
            11325000	       534	000000bc	00c12783	lw	x15,12(x2)	  x2:0x000fffb0 x15=0x000008ac PA:0x000fffbc store:0x00000000
            11345000	       535	000000c0	00178713	addi	x14,x15,1	 x15:0x000008ac x14=0x000008ad
            11445000	       540	000000c4	00e12623	sw	x14,12(x2)	  x2:0x000fffb0 x14:0x000008ad PA:0x000fffbc store:0x000008ad load:0xfb5ff0ef
            11545000	       545	000000c8	0007c783	lbu	x15,0(x15)	 x15:0x000008ac x15=0x0000006f PA:0x000008ac store:0x00000000
            11565000	       546	000000cc	00078513	addi	x10,x15,0	 x15:0x0000006f x10=0x0000006f
            11605000	       548	000000d0	fb5ff0ef	jal	x1,84	  x1=0x000000d4
            11645000	       550	00000084	ff010113	addi	x2,x2,-16	  x2:0x000fffb0  x2=0x000fffa0
            11745000	       555	00000088	00a12623	sw	x10,12(x2)	  x2:0x000fffa0 x10:0x0000006f PA:0x000fffac store:0x0000006f load:0x000207b7
            11845000	       560	0000008c	00c12783	lw	x15,12(x2)	  x2:0x000fffa0 x15=0x0000006f PA:0x000fffac store:0x00000000
            11865000	       561	00000090	0ff7f713	andi	x14,x15,255	 x15:0x0000006f x14=0x0000006f
            11885000	       562	00000094	000207b7	lui	x15,0x20	 x15=0x00020000
            11985000	       567	00000098	00e7a023	sw	x14,0(x15)	 x15:0x00020000 x14:0x0000006f PA:0x00020000 store:0x0000006f load:0x01010113
            12085000	       572	0000009c	00c12783	lw	x15,12(x2)	  x2:0x000fffa0 x15=0x0000006f PA:0x000fffac store:0x00000000
            12105000	       573	000000a0	00078513	addi	x10,x15,0	 x15:0x0000006f x10=0x0000006f
            12125000	       574	000000a4	01010113	addi	x2,x2,16	  x2:0x000fffa0  x2=0x000fffb0
            12165000	       576	000000a8	00008067	jalr	x0,0(x1)	  x1:0x000000d4  x0=0x00000000
            12265000	       581	000000d4	00c12783	lw	x15,12(x2)	  x2:0x000fffb0 x15=0x000008ad PA:0x000fffbc store:0x00000000
            12365000	       586	000000d8	0007c783	lbu	x15,0(x15)	 x15:0x000008ad x15=0x00000020 PA:0x000008ad store:0x00000000
            12405000	       588	000000dc	fe0790e3	bne	x15,x0,bc	 x15:0x00000020  x0:0x00000000  x0=0x00000000
            12545000	       595	000000bc	00c12783	lw	x15,12(x2)	  x2:0x000fffb0 x15=0x000008ad PA:0x000fffbc store:0x00000000
            12565000	       596	000000c0	00178713	addi	x14,x15,1	 x15:0x000008ad x14=0x000008ae
            12665000	       601	000000c4	00e12623	sw	x14,12(x2)	  x2:0x000fffb0 x14:0x000008ae PA:0x000fffbc store:0x000008ae load:0xfb5ff0ef
            12765000	       606	000000c8	0007c783	lbu	x15,0(x15)	 x15:0x000008ad x15=0x00000020 PA:0x000008ad store:0x00000000
            12785000	       607	000000cc	00078513	addi	x10,x15,0	 x15:0x00000020 x10=0x00000020
            12825000	       609	000000d0	fb5ff0ef	jal	x1,84	  x1=0x000000d4
            12865000	       611	00000084	ff010113	addi	x2,x2,-16	  x2:0x000fffb0  x2=0x000fffa0
            12965000	       616	00000088	00a12623	sw	x10,12(x2)	  x2:0x000fffa0 x10:0x00000020 PA:0x000fffac store:0x00000020 load:0x000207b7
            13065000	       621	0000008c	00c12783	lw	x15,12(x2)	  x2:0x000fffa0 x15=0x00000020 PA:0x000fffac store:0x00000000
            13085000	       622	00000090	0ff7f713	andi	x14,x15,255	 x15:0x00000020 x14=0x00000020
            13105000	       623	00000094	000207b7	lui	x15,0x20	 x15=0x00020000
            13205000	       628	00000098	00e7a023	sw	x14,0(x15)	 x15:0x00020000 x14:0x00000020 PA:0x00020000 store:0x00000020 load:0x01010113
            13305000	       633	0000009c	00c12783	lw	x15,12(x2)	  x2:0x000fffa0 x15=0x00000020 PA:0x000fffac store:0x00000000
            13325000	       634	000000a0	00078513	addi	x10,x15,0	 x15:0x00000020 x10=0x00000020
            13345000	       635	000000a4	01010113	addi	x2,x2,16	  x2:0x000fffa0  x2=0x000fffb0
            13385000	       637	000000a8	00008067	jalr	x0,0(x1)	  x1:0x000000d4  x0=0x00000000
            13485000	       642	000000d4	00c12783	lw	x15,12(x2)	  x2:0x000fffb0 x15=0x000008ae PA:0x000fffbc store:0x00000000
            13585000	       647	000000d8	0007c783	lbu	x15,0(x15)	 x15:0x000008ae x15=0x00000073 PA:0x000008ae store:0x00000000
            13625000	       649	000000dc	fe0790e3	bne	x15,x0,bc	 x15:0x00000073  x0:0x00000000  x0=0x00000000
            13765000	       656	000000bc	00c12783	lw	x15,12(x2)	  x2:0x000fffb0 x15=0x000008ae PA:0x000fffbc store:0x00000000
            13785000	       657	000000c0	00178713	addi	x14,x15,1	 x15:0x000008ae x14=0x000008af
            13885000	       662	000000c4	00e12623	sw	x14,12(x2)	  x2:0x000fffb0 x14:0x000008af PA:0x000fffbc store:0x000008af load:0xfb5ff0ef
            13985000	       667	000000c8	0007c783	lbu	x15,0(x15)	 x15:0x000008ae x15=0x00000073 PA:0x000008ae store:0x00000000
            14005000	       668	000000cc	00078513	addi	x10,x15,0	 x15:0x00000073 x10=0x00000073
            14045000	       670	000000d0	fb5ff0ef	jal	x1,84	  x1=0x000000d4
            14085000	       672	00000084	ff010113	addi	x2,x2,-16	  x2:0x000fffb0  x2=0x000fffa0
            14185000	       677	00000088	00a12623	sw	x10,12(x2)	  x2:0x000fffa0 x10:0x00000073 PA:0x000fffac store:0x00000073 load:0x000207b7
            14285000	       682	0000008c	00c12783	lw	x15,12(x2)	  x2:0x000fffa0 x15=0x00000073 PA:0x000fffac store:0x00000000
            14305000	       683	00000090	0ff7f713	andi	x14,x15,255	 x15:0x00000073 x14=0x00000073
            14325000	       684	00000094	000207b7	lui	x15,0x20	 x15=0x00020000
            14425000	       689	00000098	00e7a023	sw	x14,0(x15)	 x15:0x00020000 x14:0x00000073 PA:0x00020000 store:0x00000073 load:0x01010113
            14525000	       694	0000009c	00c12783	lw	x15,12(x2)	  x2:0x000fffa0 x15=0x00000073 PA:0x000fffac store:0x00000000
            14545000	       695	000000a0	00078513	addi	x10,x15,0	 x15:0x00000073 x10=0x00000073
            14565000	       696	000000a4	01010113	addi	x2,x2,16	  x2:0x000fffa0  x2=0x000fffb0
            14605000	       698	000000a8	00008067	jalr	x0,0(x1)	  x1:0x000000d4  x0=0x00000000
            14705000	       703	000000d4	00c12783	lw	x15,12(x2)	  x2:0x000fffb0 x15=0x000008af PA:0x000fffbc store:0x00000000
            14805000	       708	000000d8	0007c783	lbu	x15,0(x15)	 x15:0x000008af x15=0x00000069 PA:0x000008af store:0x00000000
            14845000	       710	000000dc	fe0790e3	bne	x15,x0,bc	 x15:0x00000069  x0:0x00000000  x0=0x00000000
            14985000	       717	000000bc	00c12783	lw	x15,12(x2)	  x2:0x000fffb0 x15=0x000008af PA:0x000fffbc store:0x00000000
            15005000	       718	000000c0	00178713	addi	x14,x15,1	 x15:0x000008af x14=0x000008b0
            15105000	       723	000000c4	00e12623	sw	x14,12(x2)	  x2:0x000fffb0 x14:0x000008b0 PA:0x000fffbc store:0x000008b0 load:0xfb5ff0ef
            15205000	       728	000000c8	0007c783	lbu	x15,0(x15)	 x15:0x000008af x15=0x00000069 PA:0x000008af store:0x00000000
            15225000	       729	000000cc	00078513	addi	x10,x15,0	 x15:0x00000069 x10=0x00000069
            15265000	       731	000000d0	fb5ff0ef	jal	x1,84	  x1=0x000000d4
            15305000	       733	00000084	ff010113	addi	x2,x2,-16	  x2:0x000fffb0  x2=0x000fffa0
            15405000	       738	00000088	00a12623	sw	x10,12(x2)	  x2:0x000fffa0 x10:0x00000069 PA:0x000fffac store:0x00000069 load:0x000207b7
            15505000	       743	0000008c	00c12783	lw	x15,12(x2)	  x2:0x000fffa0 x15=0x00000069 PA:0x000fffac store:0x00000000
            15525000	       744	00000090	0ff7f713	andi	x14,x15,255	 x15:0x00000069 x14=0x00000069
            15545000	       745	00000094	000207b7	lui	x15,0x20	 x15=0x00020000
            15645000	       750	00000098	00e7a023	sw	x14,0(x15)	 x15:0x00020000 x14:0x00000069 PA:0x00020000 store:0x00000069 load:0x01010113
            15745000	       755	0000009c	00c12783	lw	x15,12(x2)	  x2:0x000fffa0 x15=0x00000069 PA:0x000fffac store:0x00000000
            15765000	       756	000000a0	00078513	addi	x10,x15,0	 x15:0x00000069 x10=0x00000069
            15785000	       757	000000a4	01010113	addi	x2,x2,16	  x2:0x000fffa0  x2=0x000fffb0
            15825000	       759	000000a8	00008067	jalr	x0,0(x1)	  x1:0x000000d4  x0=0x00000000
            15925000	       764	000000d4	00c12783	lw	x15,12(x2)	  x2:0x000fffb0 x15=0x000008b0 PA:0x000fffbc store:0x00000000
            16025000	       769	000000d8	0007c783	lbu	x15,0(x15)	 x15:0x000008b0 x15=0x0000006d PA:0x000008b0 store:0x00000000
            16065000	       771	000000dc	fe0790e3	bne	x15,x0,bc	 x15:0x0000006d  x0:0x00000000  x0=0x00000000
            16205000	       778	000000bc	00c12783	lw	x15,12(x2)	  x2:0x000fffb0 x15=0x000008b0 PA:0x000fffbc store:0x00000000
            16225000	       779	000000c0	00178713	addi	x14,x15,1	 x15:0x000008b0 x14=0x000008b1
            16325000	       784	000000c4	00e12623	sw	x14,12(x2)	  x2:0x000fffb0 x14:0x000008b1 PA:0x000fffbc store:0x000008b1 load:0xfb5ff0ef
            16425000	       789	000000c8	0007c783	lbu	x15,0(x15)	 x15:0x000008b0 x15=0x0000006d PA:0x000008b0 store:0x00000000
            16445000	       790	000000cc	00078513	addi	x10,x15,0	 x15:0x0000006d x10=0x0000006d
            16485000	       792	000000d0	fb5ff0ef	jal	x1,84	  x1=0x000000d4
            16525000	       794	00000084	ff010113	addi	x2,x2,-16	  x2:0x000fffb0  x2=0x000fffa0
            16625000	       799	00000088	00a12623	sw	x10,12(x2)	  x2:0x000fffa0 x10:0x0000006d PA:0x000fffac store:0x0000006d load:0x000207b7
            16725000	       804	0000008c	00c12783	lw	x15,12(x2)	  x2:0x000fffa0 x15=0x0000006d PA:0x000fffac store:0x00000000
            16745000	       805	00000090	0ff7f713	andi	x14,x15,255	 x15:0x0000006d x14=0x0000006d
            16765000	       806	00000094	000207b7	lui	x15,0x20	 x15=0x00020000
            16865000	       811	00000098	00e7a023	sw	x14,0(x15)	 x15:0x00020000 x14:0x0000006d PA:0x00020000 store:0x0000006d load:0x01010113
            16965000	       816	0000009c	00c12783	lw	x15,12(x2)	  x2:0x000fffa0 x15=0x0000006d PA:0x000fffac store:0x00000000
            16985000	       817	000000a0	00078513	addi	x10,x15,0	 x15:0x0000006d x10=0x0000006d
            17005000	       818	000000a4	01010113	addi	x2,x2,16	  x2:0x000fffa0  x2=0x000fffb0
            17045000	       820	000000a8	00008067	jalr	x0,0(x1)	  x1:0x000000d4  x0=0x00000000
            17145000	       825	000000d4	00c12783	lw	x15,12(x2)	  x2:0x000fffb0 x15=0x000008b1 PA:0x000fffbc store:0x00000000
            17245000	       830	000000d8	0007c783	lbu	x15,0(x15)	 x15:0x000008b1 x15=0x00000070 PA:0x000008b1 store:0x00000000
            17285000	       832	000000dc	fe0790e3	bne	x15,x0,bc	 x15:0x00000070  x0:0x00000000  x0=0x00000000
            17425000	       839	000000bc	00c12783	lw	x15,12(x2)	  x2:0x000fffb0 x15=0x000008b1 PA:0x000fffbc store:0x00000000
            17445000	       840	000000c0	00178713	addi	x14,x15,1	 x15:0x000008b1 x14=0x000008b2
            17545000	       845	000000c4	00e12623	sw	x14,12(x2)	  x2:0x000fffb0 x14:0x000008b2 PA:0x000fffbc store:0x000008b2 load:0xfb5ff0ef
            17645000	       850	000000c8	0007c783	lbu	x15,0(x15)	 x15:0x000008b1 x15=0x00000070 PA:0x000008b1 store:0x00000000
            17665000	       851	000000cc	00078513	addi	x10,x15,0	 x15:0x00000070 x10=0x00000070
            17705000	       853	000000d0	fb5ff0ef	jal	x1,84	  x1=0x000000d4
            17745000	       855	00000084	ff010113	addi	x2,x2,-16	  x2:0x000fffb0  x2=0x000fffa0
            17845000	       860	00000088	00a12623	sw	x10,12(x2)	  x2:0x000fffa0 x10:0x00000070 PA:0x000fffac store:0x00000070 load:0x000207b7
            17945000	       865	0000008c	00c12783	lw	x15,12(x2)	  x2:0x000fffa0 x15=0x00000070 PA:0x000fffac store:0x00000000
            17965000	       866	00000090	0ff7f713	andi	x14,x15,255	 x15:0x00000070 x14=0x00000070
            17985000	       867	00000094	000207b7	lui	x15,0x20	 x15=0x00020000
            18085000	       872	00000098	00e7a023	sw	x14,0(x15)	 x15:0x00020000 x14:0x00000070 PA:0x00020000 store:0x00000070 load:0x01010113
            18185000	       877	0000009c	00c12783	lw	x15,12(x2)	  x2:0x000fffa0 x15=0x00000070 PA:0x000fffac store:0x00000000
            18205000	       878	000000a0	00078513	addi	x10,x15,0	 x15:0x00000070 x10=0x00000070
            18225000	       879	000000a4	01010113	addi	x2,x2,16	  x2:0x000fffa0  x2=0x000fffb0
            18265000	       881	000000a8	00008067	jalr	x0,0(x1)	  x1:0x000000d4  x0=0x00000000
            18365000	       886	000000d4	00c12783	lw	x15,12(x2)	  x2:0x000fffb0 x15=0x000008b2 PA:0x000fffbc store:0x00000000
            18465000	       891	000000d8	0007c783	lbu	x15,0(x15)	 x15:0x000008b2 x15=0x0000006c PA:0x000008b2 store:0x00000000
            18505000	       893	000000dc	fe0790e3	bne	x15,x0,bc	 x15:0x0000006c  x0:0x00000000  x0=0x00000000
            18645000	       900	000000bc	00c12783	lw	x15,12(x2)	  x2:0x000fffb0 x15=0x000008b2 PA:0x000fffbc store:0x00000000
            18665000	       901	000000c0	00178713	addi	x14,x15,1	 x15:0x000008b2 x14=0x000008b3
            18765000	       906	000000c4	00e12623	sw	x14,12(x2)	  x2:0x000fffb0 x14:0x000008b3 PA:0x000fffbc store:0x000008b3 load:0xfb5ff0ef
            18865000	       911	000000c8	0007c783	lbu	x15,0(x15)	 x15:0x000008b2 x15=0x0000006c PA:0x000008b2 store:0x00000000
            18885000	       912	000000cc	00078513	addi	x10,x15,0	 x15:0x0000006c x10=0x0000006c
            18925000	       914	000000d0	fb5ff0ef	jal	x1,84	  x1=0x000000d4
            18965000	       916	00000084	ff010113	addi	x2,x2,-16	  x2:0x000fffb0  x2=0x000fffa0
            19065000	       921	00000088	00a12623	sw	x10,12(x2)	  x2:0x000fffa0 x10:0x0000006c PA:0x000fffac store:0x0000006c load:0x000207b7
            19165000	       926	0000008c	00c12783	lw	x15,12(x2)	  x2:0x000fffa0 x15=0x0000006c PA:0x000fffac store:0x00000000
            19185000	       927	00000090	0ff7f713	andi	x14,x15,255	 x15:0x0000006c x14=0x0000006c
            19205000	       928	00000094	000207b7	lui	x15,0x20	 x15=0x00020000
            19305000	       933	00000098	00e7a023	sw	x14,0(x15)	 x15:0x00020000 x14:0x0000006c PA:0x00020000 store:0x0000006c load:0x01010113
            19405000	       938	0000009c	00c12783	lw	x15,12(x2)	  x2:0x000fffa0 x15=0x0000006c PA:0x000fffac store:0x00000000
            19425000	       939	000000a0	00078513	addi	x10,x15,0	 x15:0x0000006c x10=0x0000006c
            19445000	       940	000000a4	01010113	addi	x2,x2,16	  x2:0x000fffa0  x2=0x000fffb0
            19485000	       942	000000a8	00008067	jalr	x0,0(x1)	  x1:0x000000d4  x0=0x00000000
            19585000	       947	000000d4	00c12783	lw	x15,12(x2)	  x2:0x000fffb0 x15=0x000008b3 PA:0x000fffbc store:0x00000000
            19685000	       952	000000d8	0007c783	lbu	x15,0(x15)	 x15:0x000008b3 x15=0x00000065 PA:0x000008b3 store:0x00000000
            19725000	       954	000000dc	fe0790e3	bne	x15,x0,bc	 x15:0x00000065  x0:0x00000000  x0=0x00000000
            19865000	       961	000000bc	00c12783	lw	x15,12(x2)	  x2:0x000fffb0 x15=0x000008b3 PA:0x000fffbc store:0x00000000
            19885000	       962	000000c0	00178713	addi	x14,x15,1	 x15:0x000008b3 x14=0x000008b4
            19985000	       967	000000c4	00e12623	sw	x14,12(x2)	  x2:0x000fffb0 x14:0x000008b4 PA:0x000fffbc store:0x000008b4 load:0xfb5ff0ef
            20085000	       972	000000c8	0007c783	lbu	x15,0(x15)	 x15:0x000008b3 x15=0x00000065 PA:0x000008b3 store:0x00000000
            20105000	       973	000000cc	00078513	addi	x10,x15,0	 x15:0x00000065 x10=0x00000065
            20145000	       975	000000d0	fb5ff0ef	jal	x1,84	  x1=0x000000d4
            20185000	       977	00000084	ff010113	addi	x2,x2,-16	  x2:0x000fffb0  x2=0x000fffa0
            20285000	       982	00000088	00a12623	sw	x10,12(x2)	  x2:0x000fffa0 x10:0x00000065 PA:0x000fffac store:0x00000065 load:0x000207b7
            20385000	       987	0000008c	00c12783	lw	x15,12(x2)	  x2:0x000fffa0 x15=0x00000065 PA:0x000fffac store:0x00000000
            20405000	       988	00000090	0ff7f713	andi	x14,x15,255	 x15:0x00000065 x14=0x00000065
            20425000	       989	00000094	000207b7	lui	x15,0x20	 x15=0x00020000
            20525000	       994	00000098	00e7a023	sw	x14,0(x15)	 x15:0x00020000 x14:0x00000065 PA:0x00020000 store:0x00000065 load:0x01010113
            20625000	       999	0000009c	00c12783	lw	x15,12(x2)	  x2:0x000fffa0 x15=0x00000065 PA:0x000fffac store:0x00000000
            20645000	      1000	000000a0	00078513	addi	x10,x15,0	 x15:0x00000065 x10=0x00000065
            20665000	      1001	000000a4	01010113	addi	x2,x2,16	  x2:0x000fffa0  x2=0x000fffb0
            20705000	      1003	000000a8	00008067	jalr	x0,0(x1)	  x1:0x000000d4  x0=0x00000000
            20805000	      1008	000000d4	00c12783	lw	x15,12(x2)	  x2:0x000fffb0 x15=0x000008b4 PA:0x000fffbc store:0x00000000
            20905000	      1013	000000d8	0007c783	lbu	x15,0(x15)	 x15:0x000008b4 x15=0x00000020 PA:0x000008b4 store:0x00000000
            20945000	      1015	000000dc	fe0790e3	bne	x15,x0,bc	 x15:0x00000020  x0:0x00000000  x0=0x00000000
            21085000	      1022	000000bc	00c12783	lw	x15,12(x2)	  x2:0x000fffb0 x15=0x000008b4 PA:0x000fffbc store:0x00000000
            21105000	      1023	000000c0	00178713	addi	x14,x15,1	 x15:0x000008b4 x14=0x000008b5
            21205000	      1028	000000c4	00e12623	sw	x14,12(x2)	  x2:0x000fffb0 x14:0x000008b5 PA:0x000fffbc store:0x000008b5 load:0xfb5ff0ef
            21305000	      1033	000000c8	0007c783	lbu	x15,0(x15)	 x15:0x000008b4 x15=0x00000020 PA:0x000008b4 store:0x00000000
            21325000	      1034	000000cc	00078513	addi	x10,x15,0	 x15:0x00000020 x10=0x00000020
            21365000	      1036	000000d0	fb5ff0ef	jal	x1,84	  x1=0x000000d4
            21405000	      1038	00000084	ff010113	addi	x2,x2,-16	  x2:0x000fffb0  x2=0x000fffa0
            21505000	      1043	00000088	00a12623	sw	x10,12(x2)	  x2:0x000fffa0 x10:0x00000020 PA:0x000fffac store:0x00000020 load:0x000207b7
            21605000	      1048	0000008c	00c12783	lw	x15,12(x2)	  x2:0x000fffa0 x15=0x00000020 PA:0x000fffac store:0x00000000
            21625000	      1049	00000090	0ff7f713	andi	x14,x15,255	 x15:0x00000020 x14=0x00000020
            21645000	      1050	00000094	000207b7	lui	x15,0x20	 x15=0x00020000
            21745000	      1055	00000098	00e7a023	sw	x14,0(x15)	 x15:0x00020000 x14:0x00000020 PA:0x00020000 store:0x00000020 load:0x01010113
            21845000	      1060	0000009c	00c12783	lw	x15,12(x2)	  x2:0x000fffa0 x15=0x00000020 PA:0x000fffac store:0x00000000
            21865000	      1061	000000a0	00078513	addi	x10,x15,0	 x15:0x00000020 x10=0x00000020
            21885000	      1062	000000a4	01010113	addi	x2,x2,16	  x2:0x000fffa0  x2=0x000fffb0
            21925000	      1064	000000a8	00008067	jalr	x0,0(x1)	  x1:0x000000d4  x0=0x00000000
            22025000	      1069	000000d4	00c12783	lw	x15,12(x2)	  x2:0x000fffb0 x15=0x000008b5 PA:0x000fffbc store:0x00000000
            22125000	      1074	000000d8	0007c783	lbu	x15,0(x15)	 x15:0x000008b5 x15=0x00000073 PA:0x000008b5 store:0x00000000
            22165000	      1076	000000dc	fe0790e3	bne	x15,x0,bc	 x15:0x00000073  x0:0x00000000  x0=0x00000000
            22305000	      1083	000000bc	00c12783	lw	x15,12(x2)	  x2:0x000fffb0 x15=0x000008b5 PA:0x000fffbc store:0x00000000
            22325000	      1084	000000c0	00178713	addi	x14,x15,1	 x15:0x000008b5 x14=0x000008b6
            22425000	      1089	000000c4	00e12623	sw	x14,12(x2)	  x2:0x000fffb0 x14:0x000008b6 PA:0x000fffbc store:0x000008b6 load:0xfb5ff0ef
            22525000	      1094	000000c8	0007c783	lbu	x15,0(x15)	 x15:0x000008b5 x15=0x00000073 PA:0x000008b5 store:0x00000000
            22545000	      1095	000000cc	00078513	addi	x10,x15,0	 x15:0x00000073 x10=0x00000073
            22585000	      1097	000000d0	fb5ff0ef	jal	x1,84	  x1=0x000000d4
            22625000	      1099	00000084	ff010113	addi	x2,x2,-16	  x2:0x000fffb0  x2=0x000fffa0
            22725000	      1104	00000088	00a12623	sw	x10,12(x2)	  x2:0x000fffa0 x10:0x00000073 PA:0x000fffac store:0x00000073 load:0x000207b7
            22825000	      1109	0000008c	00c12783	lw	x15,12(x2)	  x2:0x000fffa0 x15=0x00000073 PA:0x000fffac store:0x00000000
            22845000	      1110	00000090	0ff7f713	andi	x14,x15,255	 x15:0x00000073 x14=0x00000073
            22865000	      1111	00000094	000207b7	lui	x15,0x20	 x15=0x00020000
            22965000	      1116	00000098	00e7a023	sw	x14,0(x15)	 x15:0x00020000 x14:0x00000073 PA:0x00020000 store:0x00000073 load:0x01010113
            23065000	      1121	0000009c	00c12783	lw	x15,12(x2)	  x2:0x000fffa0 x15=0x00000073 PA:0x000fffac store:0x00000000
            23085000	      1122	000000a0	00078513	addi	x10,x15,0	 x15:0x00000073 x10=0x00000073
            23105000	      1123	000000a4	01010113	addi	x2,x2,16	  x2:0x000fffa0  x2=0x000fffb0
            23145000	      1125	000000a8	00008067	jalr	x0,0(x1)	  x1:0x000000d4  x0=0x00000000
            23245000	      1130	000000d4	00c12783	lw	x15,12(x2)	  x2:0x000fffb0 x15=0x000008b6 PA:0x000fffbc store:0x00000000
            23345000	      1135	000000d8	0007c783	lbu	x15,0(x15)	 x15:0x000008b6 x15=0x00000079 PA:0x000008b6 store:0x00000000
            23385000	      1137	000000dc	fe0790e3	bne	x15,x0,bc	 x15:0x00000079  x0:0x00000000  x0=0x00000000
            23525000	      1144	000000bc	00c12783	lw	x15,12(x2)	  x2:0x000fffb0 x15=0x000008b6 PA:0x000fffbc store:0x00000000
            23545000	      1145	000000c0	00178713	addi	x14,x15,1	 x15:0x000008b6 x14=0x000008b7
            23645000	      1150	000000c4	00e12623	sw	x14,12(x2)	  x2:0x000fffb0 x14:0x000008b7 PA:0x000fffbc store:0x000008b7 load:0xfb5ff0ef
            23745000	      1155	000000c8	0007c783	lbu	x15,0(x15)	 x15:0x000008b6 x15=0x00000079 PA:0x000008b6 store:0x00000000
            23765000	      1156	000000cc	00078513	addi	x10,x15,0	 x15:0x00000079 x10=0x00000079
            23805000	      1158	000000d0	fb5ff0ef	jal	x1,84	  x1=0x000000d4
            23845000	      1160	00000084	ff010113	addi	x2,x2,-16	  x2:0x000fffb0  x2=0x000fffa0
            23945000	      1165	00000088	00a12623	sw	x10,12(x2)	  x2:0x000fffa0 x10:0x00000079 PA:0x000fffac store:0x00000079 load:0x000207b7
            24045000	      1170	0000008c	00c12783	lw	x15,12(x2)	  x2:0x000fffa0 x15=0x00000079 PA:0x000fffac store:0x00000000
            24065000	      1171	00000090	0ff7f713	andi	x14,x15,255	 x15:0x00000079 x14=0x00000079
            24085000	      1172	00000094	000207b7	lui	x15,0x20	 x15=0x00020000
            24185000	      1177	00000098	00e7a023	sw	x14,0(x15)	 x15:0x00020000 x14:0x00000079 PA:0x00020000 store:0x00000079 load:0x01010113
            24285000	      1182	0000009c	00c12783	lw	x15,12(x2)	  x2:0x000fffa0 x15=0x00000079 PA:0x000fffac store:0x00000000
            24305000	      1183	000000a0	00078513	addi	x10,x15,0	 x15:0x00000079 x10=0x00000079
            24325000	      1184	000000a4	01010113	addi	x2,x2,16	  x2:0x000fffa0  x2=0x000fffb0
            24365000	      1186	000000a8	00008067	jalr	x0,0(x1)	  x1:0x000000d4  x0=0x00000000
            24465000	      1191	000000d4	00c12783	lw	x15,12(x2)	  x2:0x000fffb0 x15=0x000008b7 PA:0x000fffbc store:0x00000000
            24565000	      1196	000000d8	0007c783	lbu	x15,0(x15)	 x15:0x000008b7 x15=0x00000073 PA:0x000008b7 store:0x00000000
            24605000	      1198	000000dc	fe0790e3	bne	x15,x0,bc	 x15:0x00000073  x0:0x00000000  x0=0x00000000
            24745000	      1205	000000bc	00c12783	lw	x15,12(x2)	  x2:0x000fffb0 x15=0x000008b7 PA:0x000fffbc store:0x00000000
            24765000	      1206	000000c0	00178713	addi	x14,x15,1	 x15:0x000008b7 x14=0x000008b8
            24865000	      1211	000000c4	00e12623	sw	x14,12(x2)	  x2:0x000fffb0 x14:0x000008b8 PA:0x000fffbc store:0x000008b8 load:0xfb5ff0ef
            24965000	      1216	000000c8	0007c783	lbu	x15,0(x15)	 x15:0x000008b7 x15=0x00000073 PA:0x000008b7 store:0x00000000
            24985000	      1217	000000cc	00078513	addi	x10,x15,0	 x15:0x00000073 x10=0x00000073
            25025000	      1219	000000d0	fb5ff0ef	jal	x1,84	  x1=0x000000d4
            25065000	      1221	00000084	ff010113	addi	x2,x2,-16	  x2:0x000fffb0  x2=0x000fffa0
            25165000	      1226	00000088	00a12623	sw	x10,12(x2)	  x2:0x000fffa0 x10:0x00000073 PA:0x000fffac store:0x00000073 load:0x000207b7
            25265000	      1231	0000008c	00c12783	lw	x15,12(x2)	  x2:0x000fffa0 x15=0x00000073 PA:0x000fffac store:0x00000000
            25285000	      1232	00000090	0ff7f713	andi	x14,x15,255	 x15:0x00000073 x14=0x00000073
            25305000	      1233	00000094	000207b7	lui	x15,0x20	 x15=0x00020000
            25405000	      1238	00000098	00e7a023	sw	x14,0(x15)	 x15:0x00020000 x14:0x00000073 PA:0x00020000 store:0x00000073 load:0x01010113
            25505000	      1243	0000009c	00c12783	lw	x15,12(x2)	  x2:0x000fffa0 x15=0x00000073 PA:0x000fffac store:0x00000000
            25525000	      1244	000000a0	00078513	addi	x10,x15,0	 x15:0x00000073 x10=0x00000073
            25545000	      1245	000000a4	01010113	addi	x2,x2,16	  x2:0x000fffa0  x2=0x000fffb0
            25585000	      1247	000000a8	00008067	jalr	x0,0(x1)	  x1:0x000000d4  x0=0x00000000
            25685000	      1252	000000d4	00c12783	lw	x15,12(x2)	  x2:0x000fffb0 x15=0x000008b8 PA:0x000fffbc store:0x00000000
            25785000	      1257	000000d8	0007c783	lbu	x15,0(x15)	 x15:0x000008b8 x15=0x00000074 PA:0x000008b8 store:0x00000000
            25825000	      1259	000000dc	fe0790e3	bne	x15,x0,bc	 x15:0x00000074  x0:0x00000000  x0=0x00000000
            25965000	      1266	000000bc	00c12783	lw	x15,12(x2)	  x2:0x000fffb0 x15=0x000008b8 PA:0x000fffbc store:0x00000000
            25985000	      1267	000000c0	00178713	addi	x14,x15,1	 x15:0x000008b8 x14=0x000008b9
            26085000	      1272	000000c4	00e12623	sw	x14,12(x2)	  x2:0x000fffb0 x14:0x000008b9 PA:0x000fffbc store:0x000008b9 load:0xfb5ff0ef
            26185000	      1277	000000c8	0007c783	lbu	x15,0(x15)	 x15:0x000008b8 x15=0x00000074 PA:0x000008b8 store:0x00000000
            26205000	      1278	000000cc	00078513	addi	x10,x15,0	 x15:0x00000074 x10=0x00000074
            26245000	      1280	000000d0	fb5ff0ef	jal	x1,84	  x1=0x000000d4
            26285000	      1282	00000084	ff010113	addi	x2,x2,-16	  x2:0x000fffb0  x2=0x000fffa0
            26385000	      1287	00000088	00a12623	sw	x10,12(x2)	  x2:0x000fffa0 x10:0x00000074 PA:0x000fffac store:0x00000074 load:0x000207b7
            26485000	      1292	0000008c	00c12783	lw	x15,12(x2)	  x2:0x000fffa0 x15=0x00000074 PA:0x000fffac store:0x00000000
            26505000	      1293	00000090	0ff7f713	andi	x14,x15,255	 x15:0x00000074 x14=0x00000074
            26525000	      1294	00000094	000207b7	lui	x15,0x20	 x15=0x00020000
            26625000	      1299	00000098	00e7a023	sw	x14,0(x15)	 x15:0x00020000 x14:0x00000074 PA:0x00020000 store:0x00000074 load:0x01010113
            26725000	      1304	0000009c	00c12783	lw	x15,12(x2)	  x2:0x000fffa0 x15=0x00000074 PA:0x000fffac store:0x00000000
            26745000	      1305	000000a0	00078513	addi	x10,x15,0	 x15:0x00000074 x10=0x00000074
            26765000	      1306	000000a4	01010113	addi	x2,x2,16	  x2:0x000fffa0  x2=0x000fffb0
            26805000	      1308	000000a8	00008067	jalr	x0,0(x1)	  x1:0x000000d4  x0=0x00000000
            26905000	      1313	000000d4	00c12783	lw	x15,12(x2)	  x2:0x000fffb0 x15=0x000008b9 PA:0x000fffbc store:0x00000000
            27005000	      1318	000000d8	0007c783	lbu	x15,0(x15)	 x15:0x000008b9 x15=0x00000065 PA:0x000008b9 store:0x00000000
            27045000	      1320	000000dc	fe0790e3	bne	x15,x0,bc	 x15:0x00000065  x0:0x00000000  x0=0x00000000
            27185000	      1327	000000bc	00c12783	lw	x15,12(x2)	  x2:0x000fffb0 x15=0x000008b9 PA:0x000fffbc store:0x00000000
            27205000	      1328	000000c0	00178713	addi	x14,x15,1	 x15:0x000008b9 x14=0x000008ba
            27305000	      1333	000000c4	00e12623	sw	x14,12(x2)	  x2:0x000fffb0 x14:0x000008ba PA:0x000fffbc store:0x000008ba load:0xfb5ff0ef
            27405000	      1338	000000c8	0007c783	lbu	x15,0(x15)	 x15:0x000008b9 x15=0x00000065 PA:0x000008b9 store:0x00000000
            27425000	      1339	000000cc	00078513	addi	x10,x15,0	 x15:0x00000065 x10=0x00000065
            27465000	      1341	000000d0	fb5ff0ef	jal	x1,84	  x1=0x000000d4
            27505000	      1343	00000084	ff010113	addi	x2,x2,-16	  x2:0x000fffb0  x2=0x000fffa0
            27605000	      1348	00000088	00a12623	sw	x10,12(x2)	  x2:0x000fffa0 x10:0x00000065 PA:0x000fffac store:0x00000065 load:0x000207b7
            27705000	      1353	0000008c	00c12783	lw	x15,12(x2)	  x2:0x000fffa0 x15=0x00000065 PA:0x000fffac store:0x00000000
            27725000	      1354	00000090	0ff7f713	andi	x14,x15,255	 x15:0x00000065 x14=0x00000065
            27745000	      1355	00000094	000207b7	lui	x15,0x20	 x15=0x00020000
            27845000	      1360	00000098	00e7a023	sw	x14,0(x15)	 x15:0x00020000 x14:0x00000065 PA:0x00020000 store:0x00000065 load:0x01010113
            27945000	      1365	0000009c	00c12783	lw	x15,12(x2)	  x2:0x000fffa0 x15=0x00000065 PA:0x000fffac store:0x00000000
            27965000	      1366	000000a0	00078513	addi	x10,x15,0	 x15:0x00000065 x10=0x00000065
            27985000	      1367	000000a4	01010113	addi	x2,x2,16	  x2:0x000fffa0  x2=0x000fffb0
            28025000	      1369	000000a8	00008067	jalr	x0,0(x1)	  x1:0x000000d4  x0=0x00000000
            28125000	      1374	000000d4	00c12783	lw	x15,12(x2)	  x2:0x000fffb0 x15=0x000008ba PA:0x000fffbc store:0x00000000
            28225000	      1379	000000d8	0007c783	lbu	x15,0(x15)	 x15:0x000008ba x15=0x0000006d PA:0x000008ba store:0x00000000
            28265000	      1381	000000dc	fe0790e3	bne	x15,x0,bc	 x15:0x0000006d  x0:0x00000000  x0=0x00000000
            28405000	      1388	000000bc	00c12783	lw	x15,12(x2)	  x2:0x000fffb0 x15=0x000008ba PA:0x000fffbc store:0x00000000
            28425000	      1389	000000c0	00178713	addi	x14,x15,1	 x15:0x000008ba x14=0x000008bb
            28525000	      1394	000000c4	00e12623	sw	x14,12(x2)	  x2:0x000fffb0 x14:0x000008bb PA:0x000fffbc store:0x000008bb load:0xfb5ff0ef
            28625000	      1399	000000c8	0007c783	lbu	x15,0(x15)	 x15:0x000008ba x15=0x0000006d PA:0x000008ba store:0x00000000
            28645000	      1400	000000cc	00078513	addi	x10,x15,0	 x15:0x0000006d x10=0x0000006d
            28685000	      1402	000000d0	fb5ff0ef	jal	x1,84	  x1=0x000000d4
            28725000	      1404	00000084	ff010113	addi	x2,x2,-16	  x2:0x000fffb0  x2=0x000fffa0
            28825000	      1409	00000088	00a12623	sw	x10,12(x2)	  x2:0x000fffa0 x10:0x0000006d PA:0x000fffac store:0x0000006d load:0x000207b7
            28925000	      1414	0000008c	00c12783	lw	x15,12(x2)	  x2:0x000fffa0 x15=0x0000006d PA:0x000fffac store:0x00000000
            28945000	      1415	00000090	0ff7f713	andi	x14,x15,255	 x15:0x0000006d x14=0x0000006d
            28965000	      1416	00000094	000207b7	lui	x15,0x20	 x15=0x00020000
            29065000	      1421	00000098	00e7a023	sw	x14,0(x15)	 x15:0x00020000 x14:0x0000006d PA:0x00020000 store:0x0000006d load:0x01010113
            29165000	      1426	0000009c	00c12783	lw	x15,12(x2)	  x2:0x000fffa0 x15=0x0000006d PA:0x000fffac store:0x00000000
            29185000	      1427	000000a0	00078513	addi	x10,x15,0	 x15:0x0000006d x10=0x0000006d
            29205000	      1428	000000a4	01010113	addi	x2,x2,16	  x2:0x000fffa0  x2=0x000fffb0
            29245000	      1430	000000a8	00008067	jalr	x0,0(x1)	  x1:0x000000d4  x0=0x00000000
            29345000	      1435	000000d4	00c12783	lw	x15,12(x2)	  x2:0x000fffb0 x15=0x000008bb PA:0x000fffbc store:0x00000000
            29445000	      1440	000000d8	0007c783	lbu	x15,0(x15)	 x15:0x000008bb x15=0x0000000a PA:0x000008bb store:0x00000000
            29485000	      1442	000000dc	fe0790e3	bne	x15,x0,bc	 x15:0x0000000a  x0:0x00000000  x0=0x00000000
            29625000	      1449	000000bc	00c12783	lw	x15,12(x2)	  x2:0x000fffb0 x15=0x000008bb PA:0x000fffbc store:0x00000000
            29645000	      1450	000000c0	00178713	addi	x14,x15,1	 x15:0x000008bb x14=0x000008bc
            29745000	      1455	000000c4	00e12623	sw	x14,12(x2)	  x2:0x000fffb0 x14:0x000008bc PA:0x000fffbc store:0x000008bc load:0xfb5ff0ef
            29845000	      1460	000000c8	0007c783	lbu	x15,0(x15)	 x15:0x000008bb x15=0x0000000a PA:0x000008bb store:0x00000000
            29865000	      1461	000000cc	00078513	addi	x10,x15,0	 x15:0x0000000a x10=0x0000000a
            29905000	      1463	000000d0	fb5ff0ef	jal	x1,84	  x1=0x000000d4
            29945000	      1465	00000084	ff010113	addi	x2,x2,-16	  x2:0x000fffb0  x2=0x000fffa0
            30045000	      1470	00000088	00a12623	sw	x10,12(x2)	  x2:0x000fffa0 x10:0x0000000a PA:0x000fffac store:0x0000000a load:0x000207b7
            30145000	      1475	0000008c	00c12783	lw	x15,12(x2)	  x2:0x000fffa0 x15=0x0000000a PA:0x000fffac store:0x00000000
            30165000	      1476	00000090	0ff7f713	andi	x14,x15,255	 x15:0x0000000a x14=0x0000000a
            30185000	      1477	00000094	000207b7	lui	x15,0x20	 x15=0x00020000
            30285000	      1482	00000098	00e7a023	sw	x14,0(x15)	 x15:0x00020000 x14:0x0000000a PA:0x00020000 store:0x0000000a load:0x01010113
            30385000	      1487	0000009c	00c12783	lw	x15,12(x2)	  x2:0x000fffa0 x15=0x0000000a PA:0x000fffac store:0x00000000
            30405000	      1488	000000a0	00078513	addi	x10,x15,0	 x15:0x0000000a x10=0x0000000a
            30425000	      1489	000000a4	01010113	addi	x2,x2,16	  x2:0x000fffa0  x2=0x000fffb0
            30465000	      1491	000000a8	00008067	jalr	x0,0(x1)	  x1:0x000000d4  x0=0x00000000
            30565000	      1496	000000d4	00c12783	lw	x15,12(x2)	  x2:0x000fffb0 x15=0x000008bc PA:0x000fffbc store:0x00000000
            30665000	      1501	000000d8	0007c783	lbu	x15,0(x15)	 x15:0x000008bc x15=0x00000000 PA:0x000008bc store:0x00000000
            30685000	      1502	000000dc	fe0790e3	bne	x15,x0,bc	 x15:0x00000000  x0:0x00000000  x0=0x00000000
            30705000	      1503	000000e0	00000793	addi	x15,x0,0	  x0:0x00000000 x15=0x00000000
            30725000	      1504	000000e4	00078513	addi	x10,x15,0	 x15:0x00000000 x10=0x00000000
            30825000	      1509	000000e8	01c12083	lw	x1,28(x2)	  x2:0x000fffb0  x1=0x00000694 PA:0x000fffcc store:0x00000000
            30845000	      1510	000000ec	02010113	addi	x2,x2,32	  x2:0x000fffb0  x2=0x000fffd0
            30885000	      1512	000000f0	00008067	jalr	x0,0(x1)	  x1:0x00000694  x0=0x00000000
            30925000	      1514	00000694	deadc7b7	lui	x15,0xdeadc	 x15=0xdeadc000
            30945000	      1515	00000698	eef78513	addi	x10,x15,-273	 x15:0xdeadc000 x10=0xdeadbeef
            30985000	      1517	0000069c	a59ff0ef	jal	x1,f4	  x1=0x000006a0
            31005000	      1518	000000f4	fd010113	addi	x2,x2,-48	  x2:0x000fffd0  x2=0x000fffa0
            31105000	      1523	000000f8	02112623	sw	x1,44(x2)	  x2:0x000fffa0  x1:0x000006a0 PA:0x000fffcc store:0x000006a0 load:0x0580006f
            31205000	      1528	000000fc	00a12623	sw	x10,12(x2)	  x2:0x000fffa0 x10:0xdeadbeef PA:0x000fffac store:0xdeadbeef load:0x00c12783
            31305000	      1533	00000100	00012e23	sw	x0,28(x2)	  x2:0x000fffa0  x0:0x00000000 PA:0x000fffbc store:0x00000000 load:0x01c7d793
            31345000	      1535	00000104	0580006f	jal	x0,15c	  x0=0x00000000
            31465000	      1541	0000015c	01c12703	lw	x14,28(x2)	  x2:0x000fffa0 x14=0x00000000 PA:0x000fffbc store:0x00000000
            31485000	      1542	00000160	00700793	addi	x15,x0,7	  x0:0x00000000 x15=0x00000007
            31525000	      1544	00000164	fae7d2e3	bge	x15,x14,108	 x15:0x00000007 x14:0x00000000  x0=0x00000000
            31645000	      1550	00000108	00c12783	lw	x15,12(x2)	  x2:0x000fffa0 x15=0xdeadbeef PA:0x000fffac store:0x00000000
            31665000	      1551	0000010c	01c7d793	srli	x15,x15,0x1c	 x15:0xdeadbeef x15=0x0000000d
            31765000	      1556	00000110	00f12c23	sw	x15,24(x2)	  x2:0x000fffa0 x15:0x0000000d PA:0x000fffb8 store:0x0000000d load:0x00e7cc63
            31865000	      1561	00000114	01812703	lw	x14,24(x2)	  x2:0x000fffa0 x14=0x0000000d PA:0x000fffb8 store:0x00000000
            31885000	      1562	00000118	00900793	addi	x15,x0,9	  x0:0x00000000 x15=0x00000009
            31925000	      1564	0000011c	00e7cc63	blt	x15,x14,134	 x15:0x00000009 x14:0x0000000d  x0=0x00000000
            32045000	      1570	00000134	01812783	lw	x15,24(x2)	  x2:0x000fffa0 x15=0x0000000d PA:0x000fffb8 store:0x00000000
            32065000	      1571	00000138	03778793	addi	x15,x15,55	 x15:0x0000000d x15=0x00000044
            32085000	      1572	0000013c	00078513	addi	x10,x15,0	 x15:0x00000044 x10=0x00000044
            32125000	      1574	00000140	f45ff0ef	jal	x1,84	  x1=0x00000144
            32145000	      1575	00000084	ff010113	addi	x2,x2,-16	  x2:0x000fffa0  x2=0x000fff90
            32245000	      1580	00000088	00a12623	sw	x10,12(x2)	  x2:0x000fff90 x10:0x00000044 PA:0x000fff9c store:0x00000044 load:0x000207b7
            32345000	      1585	0000008c	00c12783	lw	x15,12(x2)	  x2:0x000fff90 x15=0x00000044 PA:0x000fff9c store:0x00000000
            32365000	      1586	00000090	0ff7f713	andi	x14,x15,255	 x15:0x00000044 x14=0x00000044
            32385000	      1587	00000094	000207b7	lui	x15,0x20	 x15=0x00020000
            32485000	      1592	00000098	00e7a023	sw	x14,0(x15)	 x15:0x00020000 x14:0x00000044 PA:0x00020000 store:0x00000044 load:0x01010113
            32585000	      1597	0000009c	00c12783	lw	x15,12(x2)	  x2:0x000fff90 x15=0x00000044 PA:0x000fff9c store:0x00000000
            32605000	      1598	000000a0	00078513	addi	x10,x15,0	 x15:0x00000044 x10=0x00000044
            32625000	      1599	000000a4	01010113	addi	x2,x2,16	  x2:0x000fff90  x2=0x000fffa0
            32665000	      1601	000000a8	00008067	jalr	x0,0(x1)	  x1:0x00000144  x0=0x00000000
            32765000	      1606	00000144	00c12783	lw	x15,12(x2)	  x2:0x000fffa0 x15=0xdeadbeef PA:0x000fffac store:0x00000000
            32785000	      1607	00000148	00479793	slli	x15,x15,0x4	 x15:0xdeadbeef x15=0xeadbeef0
            32885000	      1612	0000014c	00f12623	sw	x15,12(x2)	  x2:0x000fffa0 x15:0xeadbeef0 PA:0x000fffac store:0xeadbeef0 load:0x00f12e23
            32985000	      1617	00000150	01c12783	lw	x15,28(x2)	  x2:0x000fffa0 x15=0x00000000 PA:0x000fffbc store:0x00000000
            33005000	      1618	00000154	00178793	addi	x15,x15,1	 x15:0x00000000 x15=0x00000001
            33105000	      1623	00000158	00f12e23	sw	x15,28(x2)	  x2:0x000fffa0 x15:0x00000001 PA:0x000fffbc store:0x00000001 load:0xfae7d2e3
            33205000	      1628	0000015c	01c12703	lw	x14,28(x2)	  x2:0x000fffa0 x14=0x00000001 PA:0x000fffbc store:0x00000000
            33225000	      1629	00000160	00700793	addi	x15,x0,7	  x0:0x00000000 x15=0x00000007
            33265000	      1631	00000164	fae7d2e3	bge	x15,x14,108	 x15:0x00000007 x14:0x00000001  x0=0x00000000
            33385000	      1637	00000108	00c12783	lw	x15,12(x2)	  x2:0x000fffa0 x15=0xeadbeef0 PA:0x000fffac store:0x00000000
            33405000	      1638	0000010c	01c7d793	srli	x15,x15,0x1c	 x15:0xeadbeef0 x15=0x0000000e
            33505000	      1643	00000110	00f12c23	sw	x15,24(x2)	  x2:0x000fffa0 x15:0x0000000e PA:0x000fffb8 store:0x0000000e load:0x00e7cc63
            33605000	      1648	00000114	01812703	lw	x14,24(x2)	  x2:0x000fffa0 x14=0x0000000e PA:0x000fffb8 store:0x00000000
            33625000	      1649	00000118	00900793	addi	x15,x0,9	  x0:0x00000000 x15=0x00000009
            33665000	      1651	0000011c	00e7cc63	blt	x15,x14,134	 x15:0x00000009 x14:0x0000000e  x0=0x00000000
            33785000	      1657	00000134	01812783	lw	x15,24(x2)	  x2:0x000fffa0 x15=0x0000000e PA:0x000fffb8 store:0x00000000
            33805000	      1658	00000138	03778793	addi	x15,x15,55	 x15:0x0000000e x15=0x00000045
            33825000	      1659	0000013c	00078513	addi	x10,x15,0	 x15:0x00000045 x10=0x00000045
            33865000	      1661	00000140	f45ff0ef	jal	x1,84	  x1=0x00000144
            33885000	      1662	00000084	ff010113	addi	x2,x2,-16	  x2:0x000fffa0  x2=0x000fff90
            33985000	      1667	00000088	00a12623	sw	x10,12(x2)	  x2:0x000fff90 x10:0x00000045 PA:0x000fff9c store:0x00000045 load:0x000207b7
            34085000	      1672	0000008c	00c12783	lw	x15,12(x2)	  x2:0x000fff90 x15=0x00000045 PA:0x000fff9c store:0x00000000
            34105000	      1673	00000090	0ff7f713	andi	x14,x15,255	 x15:0x00000045 x14=0x00000045
            34125000	      1674	00000094	000207b7	lui	x15,0x20	 x15=0x00020000
            34225000	      1679	00000098	00e7a023	sw	x14,0(x15)	 x15:0x00020000 x14:0x00000045 PA:0x00020000 store:0x00000045 load:0x01010113
            34325000	      1684	0000009c	00c12783	lw	x15,12(x2)	  x2:0x000fff90 x15=0x00000045 PA:0x000fff9c store:0x00000000
            34345000	      1685	000000a0	00078513	addi	x10,x15,0	 x15:0x00000045 x10=0x00000045
            34365000	      1686	000000a4	01010113	addi	x2,x2,16	  x2:0x000fff90  x2=0x000fffa0
            34405000	      1688	000000a8	00008067	jalr	x0,0(x1)	  x1:0x00000144  x0=0x00000000
            34505000	      1693	00000144	00c12783	lw	x15,12(x2)	  x2:0x000fffa0 x15=0xeadbeef0 PA:0x000fffac store:0x00000000
            34525000	      1694	00000148	00479793	slli	x15,x15,0x4	 x15:0xeadbeef0 x15=0xadbeef00
            34625000	      1699	0000014c	00f12623	sw	x15,12(x2)	  x2:0x000fffa0 x15:0xadbeef00 PA:0x000fffac store:0xadbeef00 load:0x00f12e23
            34725000	      1704	00000150	01c12783	lw	x15,28(x2)	  x2:0x000fffa0 x15=0x00000001 PA:0x000fffbc store:0x00000000
            34745000	      1705	00000154	00178793	addi	x15,x15,1	 x15:0x00000001 x15=0x00000002
            34845000	      1710	00000158	00f12e23	sw	x15,28(x2)	  x2:0x000fffa0 x15:0x00000002 PA:0x000fffbc store:0x00000002 load:0xfae7d2e3
            34945000	      1715	0000015c	01c12703	lw	x14,28(x2)	  x2:0x000fffa0 x14=0x00000002 PA:0x000fffbc store:0x00000000
            34965000	      1716	00000160	00700793	addi	x15,x0,7	  x0:0x00000000 x15=0x00000007
            35005000	      1718	00000164	fae7d2e3	bge	x15,x14,108	 x15:0x00000007 x14:0x00000002  x0=0x00000000
            35125000	      1724	00000108	00c12783	lw	x15,12(x2)	  x2:0x000fffa0 x15=0xadbeef00 PA:0x000fffac store:0x00000000
            35145000	      1725	0000010c	01c7d793	srli	x15,x15,0x1c	 x15:0xadbeef00 x15=0x0000000a
            35245000	      1730	00000110	00f12c23	sw	x15,24(x2)	  x2:0x000fffa0 x15:0x0000000a PA:0x000fffb8 store:0x0000000a load:0x00e7cc63
            35345000	      1735	00000114	01812703	lw	x14,24(x2)	  x2:0x000fffa0 x14=0x0000000a PA:0x000fffb8 store:0x00000000
            35365000	      1736	00000118	00900793	addi	x15,x0,9	  x0:0x00000000 x15=0x00000009
            35405000	      1738	0000011c	00e7cc63	blt	x15,x14,134	 x15:0x00000009 x14:0x0000000a  x0=0x00000000
            35525000	      1744	00000134	01812783	lw	x15,24(x2)	  x2:0x000fffa0 x15=0x0000000a PA:0x000fffb8 store:0x00000000
            35545000	      1745	00000138	03778793	addi	x15,x15,55	 x15:0x0000000a x15=0x00000041
            35565000	      1746	0000013c	00078513	addi	x10,x15,0	 x15:0x00000041 x10=0x00000041
            35605000	      1748	00000140	f45ff0ef	jal	x1,84	  x1=0x00000144
            35625000	      1749	00000084	ff010113	addi	x2,x2,-16	  x2:0x000fffa0  x2=0x000fff90
            35725000	      1754	00000088	00a12623	sw	x10,12(x2)	  x2:0x000fff90 x10:0x00000041 PA:0x000fff9c store:0x00000041 load:0x000207b7
            35825000	      1759	0000008c	00c12783	lw	x15,12(x2)	  x2:0x000fff90 x15=0x00000041 PA:0x000fff9c store:0x00000000
            35845000	      1760	00000090	0ff7f713	andi	x14,x15,255	 x15:0x00000041 x14=0x00000041
            35865000	      1761	00000094	000207b7	lui	x15,0x20	 x15=0x00020000
            35965000	      1766	00000098	00e7a023	sw	x14,0(x15)	 x15:0x00020000 x14:0x00000041 PA:0x00020000 store:0x00000041 load:0x01010113
            36065000	      1771	0000009c	00c12783	lw	x15,12(x2)	  x2:0x000fff90 x15=0x00000041 PA:0x000fff9c store:0x00000000
            36085000	      1772	000000a0	00078513	addi	x10,x15,0	 x15:0x00000041 x10=0x00000041
            36105000	      1773	000000a4	01010113	addi	x2,x2,16	  x2:0x000fff90  x2=0x000fffa0
            36145000	      1775	000000a8	00008067	jalr	x0,0(x1)	  x1:0x00000144  x0=0x00000000
            36245000	      1780	00000144	00c12783	lw	x15,12(x2)	  x2:0x000fffa0 x15=0xadbeef00 PA:0x000fffac store:0x00000000
            36265000	      1781	00000148	00479793	slli	x15,x15,0x4	 x15:0xadbeef00 x15=0xdbeef000
            36365000	      1786	0000014c	00f12623	sw	x15,12(x2)	  x2:0x000fffa0 x15:0xdbeef000 PA:0x000fffac store:0xdbeef000 load:0x00f12e23
            36465000	      1791	00000150	01c12783	lw	x15,28(x2)	  x2:0x000fffa0 x15=0x00000002 PA:0x000fffbc store:0x00000000
            36485000	      1792	00000154	00178793	addi	x15,x15,1	 x15:0x00000002 x15=0x00000003
            36585000	      1797	00000158	00f12e23	sw	x15,28(x2)	  x2:0x000fffa0 x15:0x00000003 PA:0x000fffbc store:0x00000003 load:0xfae7d2e3
            36685000	      1802	0000015c	01c12703	lw	x14,28(x2)	  x2:0x000fffa0 x14=0x00000003 PA:0x000fffbc store:0x00000000
            36705000	      1803	00000160	00700793	addi	x15,x0,7	  x0:0x00000000 x15=0x00000007
            36745000	      1805	00000164	fae7d2e3	bge	x15,x14,108	 x15:0x00000007 x14:0x00000003  x0=0x00000000
            36865000	      1811	00000108	00c12783	lw	x15,12(x2)	  x2:0x000fffa0 x15=0xdbeef000 PA:0x000fffac store:0x00000000
            36885000	      1812	0000010c	01c7d793	srli	x15,x15,0x1c	 x15:0xdbeef000 x15=0x0000000d
            36985000	      1817	00000110	00f12c23	sw	x15,24(x2)	  x2:0x000fffa0 x15:0x0000000d PA:0x000fffb8 store:0x0000000d load:0x00e7cc63
            37085000	      1822	00000114	01812703	lw	x14,24(x2)	  x2:0x000fffa0 x14=0x0000000d PA:0x000fffb8 store:0x00000000
            37105000	      1823	00000118	00900793	addi	x15,x0,9	  x0:0x00000000 x15=0x00000009
            37145000	      1825	0000011c	00e7cc63	blt	x15,x14,134	 x15:0x00000009 x14:0x0000000d  x0=0x00000000
            37265000	      1831	00000134	01812783	lw	x15,24(x2)	  x2:0x000fffa0 x15=0x0000000d PA:0x000fffb8 store:0x00000000
            37285000	      1832	00000138	03778793	addi	x15,x15,55	 x15:0x0000000d x15=0x00000044
            37305000	      1833	0000013c	00078513	addi	x10,x15,0	 x15:0x00000044 x10=0x00000044
            37345000	      1835	00000140	f45ff0ef	jal	x1,84	  x1=0x00000144
            37365000	      1836	00000084	ff010113	addi	x2,x2,-16	  x2:0x000fffa0  x2=0x000fff90
            37465000	      1841	00000088	00a12623	sw	x10,12(x2)	  x2:0x000fff90 x10:0x00000044 PA:0x000fff9c store:0x00000044 load:0x000207b7
            37565000	      1846	0000008c	00c12783	lw	x15,12(x2)	  x2:0x000fff90 x15=0x00000044 PA:0x000fff9c store:0x00000000
            37585000	      1847	00000090	0ff7f713	andi	x14,x15,255	 x15:0x00000044 x14=0x00000044
            37605000	      1848	00000094	000207b7	lui	x15,0x20	 x15=0x00020000
            37705000	      1853	00000098	00e7a023	sw	x14,0(x15)	 x15:0x00020000 x14:0x00000044 PA:0x00020000 store:0x00000044 load:0x01010113
            37805000	      1858	0000009c	00c12783	lw	x15,12(x2)	  x2:0x000fff90 x15=0x00000044 PA:0x000fff9c store:0x00000000
            37825000	      1859	000000a0	00078513	addi	x10,x15,0	 x15:0x00000044 x10=0x00000044
            37845000	      1860	000000a4	01010113	addi	x2,x2,16	  x2:0x000fff90  x2=0x000fffa0
            37885000	      1862	000000a8	00008067	jalr	x0,0(x1)	  x1:0x00000144  x0=0x00000000
            37985000	      1867	00000144	00c12783	lw	x15,12(x2)	  x2:0x000fffa0 x15=0xdbeef000 PA:0x000fffac store:0x00000000
            38005000	      1868	00000148	00479793	slli	x15,x15,0x4	 x15:0xdbeef000 x15=0xbeef0000
            38105000	      1873	0000014c	00f12623	sw	x15,12(x2)	  x2:0x000fffa0 x15:0xbeef0000 PA:0x000fffac store:0xbeef0000 load:0x00f12e23
            38205000	      1878	00000150	01c12783	lw	x15,28(x2)	  x2:0x000fffa0 x15=0x00000003 PA:0x000fffbc store:0x00000000
            38225000	      1879	00000154	00178793	addi	x15,x15,1	 x15:0x00000003 x15=0x00000004
            38325000	      1884	00000158	00f12e23	sw	x15,28(x2)	  x2:0x000fffa0 x15:0x00000004 PA:0x000fffbc store:0x00000004 load:0xfae7d2e3
            38425000	      1889	0000015c	01c12703	lw	x14,28(x2)	  x2:0x000fffa0 x14=0x00000004 PA:0x000fffbc store:0x00000000
            38445000	      1890	00000160	00700793	addi	x15,x0,7	  x0:0x00000000 x15=0x00000007
            38485000	      1892	00000164	fae7d2e3	bge	x15,x14,108	 x15:0x00000007 x14:0x00000004  x0=0x00000000
            38605000	      1898	00000108	00c12783	lw	x15,12(x2)	  x2:0x000fffa0 x15=0xbeef0000 PA:0x000fffac store:0x00000000
            38625000	      1899	0000010c	01c7d793	srli	x15,x15,0x1c	 x15:0xbeef0000 x15=0x0000000b
            38725000	      1904	00000110	00f12c23	sw	x15,24(x2)	  x2:0x000fffa0 x15:0x0000000b PA:0x000fffb8 store:0x0000000b load:0x00e7cc63
            38825000	      1909	00000114	01812703	lw	x14,24(x2)	  x2:0x000fffa0 x14=0x0000000b PA:0x000fffb8 store:0x00000000
            38845000	      1910	00000118	00900793	addi	x15,x0,9	  x0:0x00000000 x15=0x00000009
            38885000	      1912	0000011c	00e7cc63	blt	x15,x14,134	 x15:0x00000009 x14:0x0000000b  x0=0x00000000
            39005000	      1918	00000134	01812783	lw	x15,24(x2)	  x2:0x000fffa0 x15=0x0000000b PA:0x000fffb8 store:0x00000000
            39025000	      1919	00000138	03778793	addi	x15,x15,55	 x15:0x0000000b x15=0x00000042
            39045000	      1920	0000013c	00078513	addi	x10,x15,0	 x15:0x00000042 x10=0x00000042
            39085000	      1922	00000140	f45ff0ef	jal	x1,84	  x1=0x00000144
            39105000	      1923	00000084	ff010113	addi	x2,x2,-16	  x2:0x000fffa0  x2=0x000fff90
            39205000	      1928	00000088	00a12623	sw	x10,12(x2)	  x2:0x000fff90 x10:0x00000042 PA:0x000fff9c store:0x00000042 load:0x000207b7
            39305000	      1933	0000008c	00c12783	lw	x15,12(x2)	  x2:0x000fff90 x15=0x00000042 PA:0x000fff9c store:0x00000000
            39325000	      1934	00000090	0ff7f713	andi	x14,x15,255	 x15:0x00000042 x14=0x00000042
            39345000	      1935	00000094	000207b7	lui	x15,0x20	 x15=0x00020000
            39445000	      1940	00000098	00e7a023	sw	x14,0(x15)	 x15:0x00020000 x14:0x00000042 PA:0x00020000 store:0x00000042 load:0x01010113
            39545000	      1945	0000009c	00c12783	lw	x15,12(x2)	  x2:0x000fff90 x15=0x00000042 PA:0x000fff9c store:0x00000000
            39565000	      1946	000000a0	00078513	addi	x10,x15,0	 x15:0x00000042 x10=0x00000042
            39585000	      1947	000000a4	01010113	addi	x2,x2,16	  x2:0x000fff90  x2=0x000fffa0
            39625000	      1949	000000a8	00008067	jalr	x0,0(x1)	  x1:0x00000144  x0=0x00000000
            39725000	      1954	00000144	00c12783	lw	x15,12(x2)	  x2:0x000fffa0 x15=0xbeef0000 PA:0x000fffac store:0x00000000
            39745000	      1955	00000148	00479793	slli	x15,x15,0x4	 x15:0xbeef0000 x15=0xeef00000
            39845000	      1960	0000014c	00f12623	sw	x15,12(x2)	  x2:0x000fffa0 x15:0xeef00000 PA:0x000fffac store:0xeef00000 load:0x00f12e23
            39945000	      1965	00000150	01c12783	lw	x15,28(x2)	  x2:0x000fffa0 x15=0x00000004 PA:0x000fffbc store:0x00000000
            39965000	      1966	00000154	00178793	addi	x15,x15,1	 x15:0x00000004 x15=0x00000005
            40065000	      1971	00000158	00f12e23	sw	x15,28(x2)	  x2:0x000fffa0 x15:0x00000005 PA:0x000fffbc store:0x00000005 load:0xfae7d2e3
            40165000	      1976	0000015c	01c12703	lw	x14,28(x2)	  x2:0x000fffa0 x14=0x00000005 PA:0x000fffbc store:0x00000000
            40185000	      1977	00000160	00700793	addi	x15,x0,7	  x0:0x00000000 x15=0x00000007
            40225000	      1979	00000164	fae7d2e3	bge	x15,x14,108	 x15:0x00000007 x14:0x00000005  x0=0x00000000
            40345000	      1985	00000108	00c12783	lw	x15,12(x2)	  x2:0x000fffa0 x15=0xeef00000 PA:0x000fffac store:0x00000000
            40365000	      1986	0000010c	01c7d793	srli	x15,x15,0x1c	 x15:0xeef00000 x15=0x0000000e
            40465000	      1991	00000110	00f12c23	sw	x15,24(x2)	  x2:0x000fffa0 x15:0x0000000e PA:0x000fffb8 store:0x0000000e load:0x00e7cc63
            40565000	      1996	00000114	01812703	lw	x14,24(x2)	  x2:0x000fffa0 x14=0x0000000e PA:0x000fffb8 store:0x00000000
            40585000	      1997	00000118	00900793	addi	x15,x0,9	  x0:0x00000000 x15=0x00000009
            40625000	      1999	0000011c	00e7cc63	blt	x15,x14,134	 x15:0x00000009 x14:0x0000000e  x0=0x00000000
            40745000	      2005	00000134	01812783	lw	x15,24(x2)	  x2:0x000fffa0 x15=0x0000000e PA:0x000fffb8 store:0x00000000
            40765000	      2006	00000138	03778793	addi	x15,x15,55	 x15:0x0000000e x15=0x00000045
            40785000	      2007	0000013c	00078513	addi	x10,x15,0	 x15:0x00000045 x10=0x00000045
            40825000	      2009	00000140	f45ff0ef	jal	x1,84	  x1=0x00000144
            40845000	      2010	00000084	ff010113	addi	x2,x2,-16	  x2:0x000fffa0  x2=0x000fff90
            40945000	      2015	00000088	00a12623	sw	x10,12(x2)	  x2:0x000fff90 x10:0x00000045 PA:0x000fff9c store:0x00000045 load:0x000207b7
            41045000	      2020	0000008c	00c12783	lw	x15,12(x2)	  x2:0x000fff90 x15=0x00000045 PA:0x000fff9c store:0x00000000
            41065000	      2021	00000090	0ff7f713	andi	x14,x15,255	 x15:0x00000045 x14=0x00000045
            41085000	      2022	00000094	000207b7	lui	x15,0x20	 x15=0x00020000
            41185000	      2027	00000098	00e7a023	sw	x14,0(x15)	 x15:0x00020000 x14:0x00000045 PA:0x00020000 store:0x00000045 load:0x01010113
            41285000	      2032	0000009c	00c12783	lw	x15,12(x2)	  x2:0x000fff90 x15=0x00000045 PA:0x000fff9c store:0x00000000
            41305000	      2033	000000a0	00078513	addi	x10,x15,0	 x15:0x00000045 x10=0x00000045
            41325000	      2034	000000a4	01010113	addi	x2,x2,16	  x2:0x000fff90  x2=0x000fffa0
            41365000	      2036	000000a8	00008067	jalr	x0,0(x1)	  x1:0x00000144  x0=0x00000000
            41465000	      2041	00000144	00c12783	lw	x15,12(x2)	  x2:0x000fffa0 x15=0xeef00000 PA:0x000fffac store:0x00000000
            41485000	      2042	00000148	00479793	slli	x15,x15,0x4	 x15:0xeef00000 x15=0xef000000
            41585000	      2047	0000014c	00f12623	sw	x15,12(x2)	  x2:0x000fffa0 x15:0xef000000 PA:0x000fffac store:0xef000000 load:0x00f12e23
            41685000	      2052	00000150	01c12783	lw	x15,28(x2)	  x2:0x000fffa0 x15=0x00000005 PA:0x000fffbc store:0x00000000
            41705000	      2053	00000154	00178793	addi	x15,x15,1	 x15:0x00000005 x15=0x00000006
            41805000	      2058	00000158	00f12e23	sw	x15,28(x2)	  x2:0x000fffa0 x15:0x00000006 PA:0x000fffbc store:0x00000006 load:0xfae7d2e3
            41905000	      2063	0000015c	01c12703	lw	x14,28(x2)	  x2:0x000fffa0 x14=0x00000006 PA:0x000fffbc store:0x00000000
            41925000	      2064	00000160	00700793	addi	x15,x0,7	  x0:0x00000000 x15=0x00000007
            41965000	      2066	00000164	fae7d2e3	bge	x15,x14,108	 x15:0x00000007 x14:0x00000006  x0=0x00000000
            42085000	      2072	00000108	00c12783	lw	x15,12(x2)	  x2:0x000fffa0 x15=0xef000000 PA:0x000fffac store:0x00000000
            42105000	      2073	0000010c	01c7d793	srli	x15,x15,0x1c	 x15:0xef000000 x15=0x0000000e
            42205000	      2078	00000110	00f12c23	sw	x15,24(x2)	  x2:0x000fffa0 x15:0x0000000e PA:0x000fffb8 store:0x0000000e load:0x00e7cc63
            42305000	      2083	00000114	01812703	lw	x14,24(x2)	  x2:0x000fffa0 x14=0x0000000e PA:0x000fffb8 store:0x00000000
            42325000	      2084	00000118	00900793	addi	x15,x0,9	  x0:0x00000000 x15=0x00000009
            42365000	      2086	0000011c	00e7cc63	blt	x15,x14,134	 x15:0x00000009 x14:0x0000000e  x0=0x00000000
            42485000	      2092	00000134	01812783	lw	x15,24(x2)	  x2:0x000fffa0 x15=0x0000000e PA:0x000fffb8 store:0x00000000
            42505000	      2093	00000138	03778793	addi	x15,x15,55	 x15:0x0000000e x15=0x00000045
            42525000	      2094	0000013c	00078513	addi	x10,x15,0	 x15:0x00000045 x10=0x00000045
            42565000	      2096	00000140	f45ff0ef	jal	x1,84	  x1=0x00000144
            42585000	      2097	00000084	ff010113	addi	x2,x2,-16	  x2:0x000fffa0  x2=0x000fff90
            42685000	      2102	00000088	00a12623	sw	x10,12(x2)	  x2:0x000fff90 x10:0x00000045 PA:0x000fff9c store:0x00000045 load:0x000207b7
            42785000	      2107	0000008c	00c12783	lw	x15,12(x2)	  x2:0x000fff90 x15=0x00000045 PA:0x000fff9c store:0x00000000
            42805000	      2108	00000090	0ff7f713	andi	x14,x15,255	 x15:0x00000045 x14=0x00000045
            42825000	      2109	00000094	000207b7	lui	x15,0x20	 x15=0x00020000
            42925000	      2114	00000098	00e7a023	sw	x14,0(x15)	 x15:0x00020000 x14:0x00000045 PA:0x00020000 store:0x00000045 load:0x01010113
            43025000	      2119	0000009c	00c12783	lw	x15,12(x2)	  x2:0x000fff90 x15=0x00000045 PA:0x000fff9c store:0x00000000
            43045000	      2120	000000a0	00078513	addi	x10,x15,0	 x15:0x00000045 x10=0x00000045
            43065000	      2121	000000a4	01010113	addi	x2,x2,16	  x2:0x000fff90  x2=0x000fffa0
            43105000	      2123	000000a8	00008067	jalr	x0,0(x1)	  x1:0x00000144  x0=0x00000000
            43205000	      2128	00000144	00c12783	lw	x15,12(x2)	  x2:0x000fffa0 x15=0xef000000 PA:0x000fffac store:0x00000000
            43225000	      2129	00000148	00479793	slli	x15,x15,0x4	 x15:0xef000000 x15=0xf0000000
            43325000	      2134	0000014c	00f12623	sw	x15,12(x2)	  x2:0x000fffa0 x15:0xf0000000 PA:0x000fffac store:0xf0000000 load:0x00f12e23
            43425000	      2139	00000150	01c12783	lw	x15,28(x2)	  x2:0x000fffa0 x15=0x00000006 PA:0x000fffbc store:0x00000000
            43445000	      2140	00000154	00178793	addi	x15,x15,1	 x15:0x00000006 x15=0x00000007
            43545000	      2145	00000158	00f12e23	sw	x15,28(x2)	  x2:0x000fffa0 x15:0x00000007 PA:0x000fffbc store:0x00000007 load:0xfae7d2e3
            43645000	      2150	0000015c	01c12703	lw	x14,28(x2)	  x2:0x000fffa0 x14=0x00000007 PA:0x000fffbc store:0x00000000
            43665000	      2151	00000160	00700793	addi	x15,x0,7	  x0:0x00000000 x15=0x00000007
            43705000	      2153	00000164	fae7d2e3	bge	x15,x14,108	 x15:0x00000007 x14:0x00000007  x0=0x00000000
            43825000	      2159	00000108	00c12783	lw	x15,12(x2)	  x2:0x000fffa0 x15=0xf0000000 PA:0x000fffac store:0x00000000
            43845000	      2160	0000010c	01c7d793	srli	x15,x15,0x1c	 x15:0xf0000000 x15=0x0000000f
            43945000	      2165	00000110	00f12c23	sw	x15,24(x2)	  x2:0x000fffa0 x15:0x0000000f PA:0x000fffb8 store:0x0000000f load:0x00e7cc63
            44045000	      2170	00000114	01812703	lw	x14,24(x2)	  x2:0x000fffa0 x14=0x0000000f PA:0x000fffb8 store:0x00000000
            44065000	      2171	00000118	00900793	addi	x15,x0,9	  x0:0x00000000 x15=0x00000009
            44105000	      2173	0000011c	00e7cc63	blt	x15,x14,134	 x15:0x00000009 x14:0x0000000f  x0=0x00000000
            44225000	      2179	00000134	01812783	lw	x15,24(x2)	  x2:0x000fffa0 x15=0x0000000f PA:0x000fffb8 store:0x00000000
            44245000	      2180	00000138	03778793	addi	x15,x15,55	 x15:0x0000000f x15=0x00000046
            44265000	      2181	0000013c	00078513	addi	x10,x15,0	 x15:0x00000046 x10=0x00000046
            44305000	      2183	00000140	f45ff0ef	jal	x1,84	  x1=0x00000144
            44325000	      2184	00000084	ff010113	addi	x2,x2,-16	  x2:0x000fffa0  x2=0x000fff90
            44425000	      2189	00000088	00a12623	sw	x10,12(x2)	  x2:0x000fff90 x10:0x00000046 PA:0x000fff9c store:0x00000046 load:0x000207b7
            44525000	      2194	0000008c	00c12783	lw	x15,12(x2)	  x2:0x000fff90 x15=0x00000046 PA:0x000fff9c store:0x00000000
            44545000	      2195	00000090	0ff7f713	andi	x14,x15,255	 x15:0x00000046 x14=0x00000046
            44565000	      2196	00000094	000207b7	lui	x15,0x20	 x15=0x00020000
            44665000	      2201	00000098	00e7a023	sw	x14,0(x15)	 x15:0x00020000 x14:0x00000046 PA:0x00020000 store:0x00000046 load:0x01010113
            44765000	      2206	0000009c	00c12783	lw	x15,12(x2)	  x2:0x000fff90 x15=0x00000046 PA:0x000fff9c store:0x00000000
            44785000	      2207	000000a0	00078513	addi	x10,x15,0	 x15:0x00000046 x10=0x00000046
            44805000	      2208	000000a4	01010113	addi	x2,x2,16	  x2:0x000fff90  x2=0x000fffa0
            44845000	      2210	000000a8	00008067	jalr	x0,0(x1)	  x1:0x00000144  x0=0x00000000
            44945000	      2215	00000144	00c12783	lw	x15,12(x2)	  x2:0x000fffa0 x15=0xf0000000 PA:0x000fffac store:0x00000000
            44965000	      2216	00000148	00479793	slli	x15,x15,0x4	 x15:0xf0000000 x15=0x00000000
            45065000	      2221	0000014c	00f12623	sw	x15,12(x2)	  x2:0x000fffa0 x15:0x00000000 PA:0x000fffac store:0x00000000 load:0x00f12e23
            45165000	      2226	00000150	01c12783	lw	x15,28(x2)	  x2:0x000fffa0 x15=0x00000007 PA:0x000fffbc store:0x00000000
            45185000	      2227	00000154	00178793	addi	x15,x15,1	 x15:0x00000007 x15=0x00000008
            45285000	      2232	00000158	00f12e23	sw	x15,28(x2)	  x2:0x000fffa0 x15:0x00000008 PA:0x000fffbc store:0x00000008 load:0xfae7d2e3
            45385000	      2237	0000015c	01c12703	lw	x14,28(x2)	  x2:0x000fffa0 x14=0x00000008 PA:0x000fffbc store:0x00000000
            45405000	      2238	00000160	00700793	addi	x15,x0,7	  x0:0x00000000 x15=0x00000007
            45425000	      2239	00000164	fae7d2e3	bge	x15,x14,108	 x15:0x00000007 x14:0x00000008  x0=0x00000000
            45445000	      2240	00000168	00000013	addi	x0,x0,0	  x0:0x00000000  x0=0x00000000
            45545000	      2245	0000016c	02c12083	lw	x1,44(x2)	  x2:0x000fffa0  x1=0x000006a0 PA:0x000fffcc store:0x00000000
            45565000	      2246	00000170	03010113	addi	x2,x2,48	  x2:0x000fffa0  x2=0x000fffd0
            45605000	      2248	00000174	00008067	jalr	x0,0(x1)	  x1:0x000006a0  x0=0x00000000
            45645000	      2250	000006a0	00a00513	addi	x10,x0,10	  x0:0x00000000 x10=0x0000000a
            45685000	      2252	000006a4	9e1ff0ef	jal	x1,84	  x1=0x000006a8
            45705000	      2253	00000084	ff010113	addi	x2,x2,-16	  x2:0x000fffd0  x2=0x000fffc0
            45805000	      2258	00000088	00a12623	sw	x10,12(x2)	  x2:0x000fffc0 x10:0x0000000a PA:0x000fffcc store:0x0000000a load:0x000207b7
            45905000	      2263	0000008c	00c12783	lw	x15,12(x2)	  x2:0x000fffc0 x15=0x0000000a PA:0x000fffcc store:0x00000000
            45925000	      2264	00000090	0ff7f713	andi	x14,x15,255	 x15:0x0000000a x14=0x0000000a
            45945000	      2265	00000094	000207b7	lui	x15,0x20	 x15=0x00020000
            46045000	      2270	00000098	00e7a023	sw	x14,0(x15)	 x15:0x00020000 x14:0x0000000a PA:0x00020000 store:0x0000000a load:0x01010113
            46145000	      2275	0000009c	00c12783	lw	x15,12(x2)	  x2:0x000fffc0 x15=0x0000000a PA:0x000fffcc store:0x00000000
            46165000	      2276	000000a0	00078513	addi	x10,x15,0	 x15:0x0000000a x10=0x0000000a
            46185000	      2277	000000a4	01010113	addi	x2,x2,16	  x2:0x000fffc0  x2=0x000fffd0
            46225000	      2279	000000a8	00008067	jalr	x0,0(x1)	  x1:0x000006a8  x0=0x00000000
            46245000	      2280	000006a8	baadf7b7	lui	x15,0xbaadf	 x15=0xbaadf000
            46265000	      2281	000006ac	00d78513	addi	x10,x15,13	 x15:0xbaadf000 x10=0xbaadf00d
            46305000	      2283	000006b0	a45ff0ef	jal	x1,f4	  x1=0x000006b4
            46325000	      2284	000000f4	fd010113	addi	x2,x2,-48	  x2:0x000fffd0  x2=0x000fffa0
            46425000	      2289	000000f8	02112623	sw	x1,44(x2)	  x2:0x000fffa0  x1:0x000006b4 PA:0x000fffcc store:0x000006b4 load:0x0580006f
            46525000	      2294	000000fc	00a12623	sw	x10,12(x2)	  x2:0x000fffa0 x10:0xbaadf00d PA:0x000fffac store:0xbaadf00d load:0x00c12783
            46625000	      2299	00000100	00012e23	sw	x0,28(x2)	  x2:0x000fffa0  x0:0x00000000 PA:0x000fffbc store:0x00000000 load:0x01c7d793
            46665000	      2301	00000104	0580006f	jal	x0,15c	  x0=0x00000000
            46785000	      2307	0000015c	01c12703	lw	x14,28(x2)	  x2:0x000fffa0 x14=0x00000000 PA:0x000fffbc store:0x00000000
            46805000	      2308	00000160	00700793	addi	x15,x0,7	  x0:0x00000000 x15=0x00000007
            46845000	      2310	00000164	fae7d2e3	bge	x15,x14,108	 x15:0x00000007 x14:0x00000000  x0=0x00000000
            46965000	      2316	00000108	00c12783	lw	x15,12(x2)	  x2:0x000fffa0 x15=0xbaadf00d PA:0x000fffac store:0x00000000
            46985000	      2317	0000010c	01c7d793	srli	x15,x15,0x1c	 x15:0xbaadf00d x15=0x0000000b
            47085000	      2322	00000110	00f12c23	sw	x15,24(x2)	  x2:0x000fffa0 x15:0x0000000b PA:0x000fffb8 store:0x0000000b load:0x00e7cc63
            47185000	      2327	00000114	01812703	lw	x14,24(x2)	  x2:0x000fffa0 x14=0x0000000b PA:0x000fffb8 store:0x00000000
            47205000	      2328	00000118	00900793	addi	x15,x0,9	  x0:0x00000000 x15=0x00000009
            47245000	      2330	0000011c	00e7cc63	blt	x15,x14,134	 x15:0x00000009 x14:0x0000000b  x0=0x00000000
            47365000	      2336	00000134	01812783	lw	x15,24(x2)	  x2:0x000fffa0 x15=0x0000000b PA:0x000fffb8 store:0x00000000
            47385000	      2337	00000138	03778793	addi	x15,x15,55	 x15:0x0000000b x15=0x00000042
            47405000	      2338	0000013c	00078513	addi	x10,x15,0	 x15:0x00000042 x10=0x00000042
            47445000	      2340	00000140	f45ff0ef	jal	x1,84	  x1=0x00000144
            47465000	      2341	00000084	ff010113	addi	x2,x2,-16	  x2:0x000fffa0  x2=0x000fff90
            47565000	      2346	00000088	00a12623	sw	x10,12(x2)	  x2:0x000fff90 x10:0x00000042 PA:0x000fff9c store:0x00000042 load:0x000207b7
            47665000	      2351	0000008c	00c12783	lw	x15,12(x2)	  x2:0x000fff90 x15=0x00000042 PA:0x000fff9c store:0x00000000
            47685000	      2352	00000090	0ff7f713	andi	x14,x15,255	 x15:0x00000042 x14=0x00000042
            47705000	      2353	00000094	000207b7	lui	x15,0x20	 x15=0x00020000
            47805000	      2358	00000098	00e7a023	sw	x14,0(x15)	 x15:0x00020000 x14:0x00000042 PA:0x00020000 store:0x00000042 load:0x01010113
            47905000	      2363	0000009c	00c12783	lw	x15,12(x2)	  x2:0x000fff90 x15=0x00000042 PA:0x000fff9c store:0x00000000
            47925000	      2364	000000a0	00078513	addi	x10,x15,0	 x15:0x00000042 x10=0x00000042
            47945000	      2365	000000a4	01010113	addi	x2,x2,16	  x2:0x000fff90  x2=0x000fffa0
            47985000	      2367	000000a8	00008067	jalr	x0,0(x1)	  x1:0x00000144  x0=0x00000000
            48085000	      2372	00000144	00c12783	lw	x15,12(x2)	  x2:0x000fffa0 x15=0xbaadf00d PA:0x000fffac store:0x00000000
            48105000	      2373	00000148	00479793	slli	x15,x15,0x4	 x15:0xbaadf00d x15=0xaadf00d0
            48205000	      2378	0000014c	00f12623	sw	x15,12(x2)	  x2:0x000fffa0 x15:0xaadf00d0 PA:0x000fffac store:0xaadf00d0 load:0x00f12e23
            48305000	      2383	00000150	01c12783	lw	x15,28(x2)	  x2:0x000fffa0 x15=0x00000000 PA:0x000fffbc store:0x00000000
            48325000	      2384	00000154	00178793	addi	x15,x15,1	 x15:0x00000000 x15=0x00000001
            48425000	      2389	00000158	00f12e23	sw	x15,28(x2)	  x2:0x000fffa0 x15:0x00000001 PA:0x000fffbc store:0x00000001 load:0xfae7d2e3
            48525000	      2394	0000015c	01c12703	lw	x14,28(x2)	  x2:0x000fffa0 x14=0x00000001 PA:0x000fffbc store:0x00000000
            48545000	      2395	00000160	00700793	addi	x15,x0,7	  x0:0x00000000 x15=0x00000007
            48585000	      2397	00000164	fae7d2e3	bge	x15,x14,108	 x15:0x00000007 x14:0x00000001  x0=0x00000000
            48705000	      2403	00000108	00c12783	lw	x15,12(x2)	  x2:0x000fffa0 x15=0xaadf00d0 PA:0x000fffac store:0x00000000
            48725000	      2404	0000010c	01c7d793	srli	x15,x15,0x1c	 x15:0xaadf00d0 x15=0x0000000a
            48825000	      2409	00000110	00f12c23	sw	x15,24(x2)	  x2:0x000fffa0 x15:0x0000000a PA:0x000fffb8 store:0x0000000a load:0x00e7cc63
            48925000	      2414	00000114	01812703	lw	x14,24(x2)	  x2:0x000fffa0 x14=0x0000000a PA:0x000fffb8 store:0x00000000
            48945000	      2415	00000118	00900793	addi	x15,x0,9	  x0:0x00000000 x15=0x00000009
            48985000	      2417	0000011c	00e7cc63	blt	x15,x14,134	 x15:0x00000009 x14:0x0000000a  x0=0x00000000
            49105000	      2423	00000134	01812783	lw	x15,24(x2)	  x2:0x000fffa0 x15=0x0000000a PA:0x000fffb8 store:0x00000000
            49125000	      2424	00000138	03778793	addi	x15,x15,55	 x15:0x0000000a x15=0x00000041
            49145000	      2425	0000013c	00078513	addi	x10,x15,0	 x15:0x00000041 x10=0x00000041
            49185000	      2427	00000140	f45ff0ef	jal	x1,84	  x1=0x00000144
            49205000	      2428	00000084	ff010113	addi	x2,x2,-16	  x2:0x000fffa0  x2=0x000fff90
            49305000	      2433	00000088	00a12623	sw	x10,12(x2)	  x2:0x000fff90 x10:0x00000041 PA:0x000fff9c store:0x00000041 load:0x000207b7
            49405000	      2438	0000008c	00c12783	lw	x15,12(x2)	  x2:0x000fff90 x15=0x00000041 PA:0x000fff9c store:0x00000000
            49425000	      2439	00000090	0ff7f713	andi	x14,x15,255	 x15:0x00000041 x14=0x00000041
            49445000	      2440	00000094	000207b7	lui	x15,0x20	 x15=0x00020000
            49545000	      2445	00000098	00e7a023	sw	x14,0(x15)	 x15:0x00020000 x14:0x00000041 PA:0x00020000 store:0x00000041 load:0x01010113
            49645000	      2450	0000009c	00c12783	lw	x15,12(x2)	  x2:0x000fff90 x15=0x00000041 PA:0x000fff9c store:0x00000000
            49665000	      2451	000000a0	00078513	addi	x10,x15,0	 x15:0x00000041 x10=0x00000041
            49685000	      2452	000000a4	01010113	addi	x2,x2,16	  x2:0x000fff90  x2=0x000fffa0
            49725000	      2454	000000a8	00008067	jalr	x0,0(x1)	  x1:0x00000144  x0=0x00000000
            49825000	      2459	00000144	00c12783	lw	x15,12(x2)	  x2:0x000fffa0 x15=0xaadf00d0 PA:0x000fffac store:0x00000000
            49845000	      2460	00000148	00479793	slli	x15,x15,0x4	 x15:0xaadf00d0 x15=0xadf00d00
            49945000	      2465	0000014c	00f12623	sw	x15,12(x2)	  x2:0x000fffa0 x15:0xadf00d00 PA:0x000fffac store:0xadf00d00 load:0x00f12e23
            50045000	      2470	00000150	01c12783	lw	x15,28(x2)	  x2:0x000fffa0 x15=0x00000001 PA:0x000fffbc store:0x00000000
            50065000	      2471	00000154	00178793	addi	x15,x15,1	 x15:0x00000001 x15=0x00000002
            50165000	      2476	00000158	00f12e23	sw	x15,28(x2)	  x2:0x000fffa0 x15:0x00000002 PA:0x000fffbc store:0x00000002 load:0xfae7d2e3
            50265000	      2481	0000015c	01c12703	lw	x14,28(x2)	  x2:0x000fffa0 x14=0x00000002 PA:0x000fffbc store:0x00000000
            50285000	      2482	00000160	00700793	addi	x15,x0,7	  x0:0x00000000 x15=0x00000007
            50325000	      2484	00000164	fae7d2e3	bge	x15,x14,108	 x15:0x00000007 x14:0x00000002  x0=0x00000000
            50445000	      2490	00000108	00c12783	lw	x15,12(x2)	  x2:0x000fffa0 x15=0xadf00d00 PA:0x000fffac store:0x00000000
            50465000	      2491	0000010c	01c7d793	srli	x15,x15,0x1c	 x15:0xadf00d00 x15=0x0000000a
            50565000	      2496	00000110	00f12c23	sw	x15,24(x2)	  x2:0x000fffa0 x15:0x0000000a PA:0x000fffb8 store:0x0000000a load:0x00e7cc63
            50665000	      2501	00000114	01812703	lw	x14,24(x2)	  x2:0x000fffa0 x14=0x0000000a PA:0x000fffb8 store:0x00000000
            50685000	      2502	00000118	00900793	addi	x15,x0,9	  x0:0x00000000 x15=0x00000009
            50725000	      2504	0000011c	00e7cc63	blt	x15,x14,134	 x15:0x00000009 x14:0x0000000a  x0=0x00000000
            50845000	      2510	00000134	01812783	lw	x15,24(x2)	  x2:0x000fffa0 x15=0x0000000a PA:0x000fffb8 store:0x00000000
            50865000	      2511	00000138	03778793	addi	x15,x15,55	 x15:0x0000000a x15=0x00000041
            50885000	      2512	0000013c	00078513	addi	x10,x15,0	 x15:0x00000041 x10=0x00000041
            50925000	      2514	00000140	f45ff0ef	jal	x1,84	  x1=0x00000144
            50945000	      2515	00000084	ff010113	addi	x2,x2,-16	  x2:0x000fffa0  x2=0x000fff90
            51045000	      2520	00000088	00a12623	sw	x10,12(x2)	  x2:0x000fff90 x10:0x00000041 PA:0x000fff9c store:0x00000041 load:0x000207b7
            51145000	      2525	0000008c	00c12783	lw	x15,12(x2)	  x2:0x000fff90 x15=0x00000041 PA:0x000fff9c store:0x00000000
            51165000	      2526	00000090	0ff7f713	andi	x14,x15,255	 x15:0x00000041 x14=0x00000041
            51185000	      2527	00000094	000207b7	lui	x15,0x20	 x15=0x00020000
            51285000	      2532	00000098	00e7a023	sw	x14,0(x15)	 x15:0x00020000 x14:0x00000041 PA:0x00020000 store:0x00000041 load:0x01010113
            51385000	      2537	0000009c	00c12783	lw	x15,12(x2)	  x2:0x000fff90 x15=0x00000041 PA:0x000fff9c store:0x00000000
            51405000	      2538	000000a0	00078513	addi	x10,x15,0	 x15:0x00000041 x10=0x00000041
            51425000	      2539	000000a4	01010113	addi	x2,x2,16	  x2:0x000fff90  x2=0x000fffa0
            51465000	      2541	000000a8	00008067	jalr	x0,0(x1)	  x1:0x00000144  x0=0x00000000
            51565000	      2546	00000144	00c12783	lw	x15,12(x2)	  x2:0x000fffa0 x15=0xadf00d00 PA:0x000fffac store:0x00000000
            51585000	      2547	00000148	00479793	slli	x15,x15,0x4	 x15:0xadf00d00 x15=0xdf00d000
            51685000	      2552	0000014c	00f12623	sw	x15,12(x2)	  x2:0x000fffa0 x15:0xdf00d000 PA:0x000fffac store:0xdf00d000 load:0x00f12e23
            51785000	      2557	00000150	01c12783	lw	x15,28(x2)	  x2:0x000fffa0 x15=0x00000002 PA:0x000fffbc store:0x00000000
            51805000	      2558	00000154	00178793	addi	x15,x15,1	 x15:0x00000002 x15=0x00000003
            51905000	      2563	00000158	00f12e23	sw	x15,28(x2)	  x2:0x000fffa0 x15:0x00000003 PA:0x000fffbc store:0x00000003 load:0xfae7d2e3
            52005000	      2568	0000015c	01c12703	lw	x14,28(x2)	  x2:0x000fffa0 x14=0x00000003 PA:0x000fffbc store:0x00000000
            52025000	      2569	00000160	00700793	addi	x15,x0,7	  x0:0x00000000 x15=0x00000007
            52065000	      2571	00000164	fae7d2e3	bge	x15,x14,108	 x15:0x00000007 x14:0x00000003  x0=0x00000000
            52185000	      2577	00000108	00c12783	lw	x15,12(x2)	  x2:0x000fffa0 x15=0xdf00d000 PA:0x000fffac store:0x00000000
            52205000	      2578	0000010c	01c7d793	srli	x15,x15,0x1c	 x15:0xdf00d000 x15=0x0000000d
            52305000	      2583	00000110	00f12c23	sw	x15,24(x2)	  x2:0x000fffa0 x15:0x0000000d PA:0x000fffb8 store:0x0000000d load:0x00e7cc63
            52405000	      2588	00000114	01812703	lw	x14,24(x2)	  x2:0x000fffa0 x14=0x0000000d PA:0x000fffb8 store:0x00000000
            52425000	      2589	00000118	00900793	addi	x15,x0,9	  x0:0x00000000 x15=0x00000009
            52465000	      2591	0000011c	00e7cc63	blt	x15,x14,134	 x15:0x00000009 x14:0x0000000d  x0=0x00000000
            52585000	      2597	00000134	01812783	lw	x15,24(x2)	  x2:0x000fffa0 x15=0x0000000d PA:0x000fffb8 store:0x00000000
            52605000	      2598	00000138	03778793	addi	x15,x15,55	 x15:0x0000000d x15=0x00000044
            52625000	      2599	0000013c	00078513	addi	x10,x15,0	 x15:0x00000044 x10=0x00000044
            52665000	      2601	00000140	f45ff0ef	jal	x1,84	  x1=0x00000144
            52685000	      2602	00000084	ff010113	addi	x2,x2,-16	  x2:0x000fffa0  x2=0x000fff90
            52785000	      2607	00000088	00a12623	sw	x10,12(x2)	  x2:0x000fff90 x10:0x00000044 PA:0x000fff9c store:0x00000044 load:0x000207b7
            52885000	      2612	0000008c	00c12783	lw	x15,12(x2)	  x2:0x000fff90 x15=0x00000044 PA:0x000fff9c store:0x00000000
            52905000	      2613	00000090	0ff7f713	andi	x14,x15,255	 x15:0x00000044 x14=0x00000044
            52925000	      2614	00000094	000207b7	lui	x15,0x20	 x15=0x00020000
            53025000	      2619	00000098	00e7a023	sw	x14,0(x15)	 x15:0x00020000 x14:0x00000044 PA:0x00020000 store:0x00000044 load:0x01010113
            53125000	      2624	0000009c	00c12783	lw	x15,12(x2)	  x2:0x000fff90 x15=0x00000044 PA:0x000fff9c store:0x00000000
            53145000	      2625	000000a0	00078513	addi	x10,x15,0	 x15:0x00000044 x10=0x00000044
            53165000	      2626	000000a4	01010113	addi	x2,x2,16	  x2:0x000fff90  x2=0x000fffa0
            53205000	      2628	000000a8	00008067	jalr	x0,0(x1)	  x1:0x00000144  x0=0x00000000
            53305000	      2633	00000144	00c12783	lw	x15,12(x2)	  x2:0x000fffa0 x15=0xdf00d000 PA:0x000fffac store:0x00000000
            53325000	      2634	00000148	00479793	slli	x15,x15,0x4	 x15:0xdf00d000 x15=0xf00d0000
            53425000	      2639	0000014c	00f12623	sw	x15,12(x2)	  x2:0x000fffa0 x15:0xf00d0000 PA:0x000fffac store:0xf00d0000 load:0x00f12e23
            53525000	      2644	00000150	01c12783	lw	x15,28(x2)	  x2:0x000fffa0 x15=0x00000003 PA:0x000fffbc store:0x00000000
            53545000	      2645	00000154	00178793	addi	x15,x15,1	 x15:0x00000003 x15=0x00000004
            53645000	      2650	00000158	00f12e23	sw	x15,28(x2)	  x2:0x000fffa0 x15:0x00000004 PA:0x000fffbc store:0x00000004 load:0xfae7d2e3
            53745000	      2655	0000015c	01c12703	lw	x14,28(x2)	  x2:0x000fffa0 x14=0x00000004 PA:0x000fffbc store:0x00000000
            53765000	      2656	00000160	00700793	addi	x15,x0,7	  x0:0x00000000 x15=0x00000007
            53805000	      2658	00000164	fae7d2e3	bge	x15,x14,108	 x15:0x00000007 x14:0x00000004  x0=0x00000000
            53925000	      2664	00000108	00c12783	lw	x15,12(x2)	  x2:0x000fffa0 x15=0xf00d0000 PA:0x000fffac store:0x00000000
            53945000	      2665	0000010c	01c7d793	srli	x15,x15,0x1c	 x15:0xf00d0000 x15=0x0000000f
            54045000	      2670	00000110	00f12c23	sw	x15,24(x2)	  x2:0x000fffa0 x15:0x0000000f PA:0x000fffb8 store:0x0000000f load:0x00e7cc63
            54145000	      2675	00000114	01812703	lw	x14,24(x2)	  x2:0x000fffa0 x14=0x0000000f PA:0x000fffb8 store:0x00000000
            54165000	      2676	00000118	00900793	addi	x15,x0,9	  x0:0x00000000 x15=0x00000009
            54205000	      2678	0000011c	00e7cc63	blt	x15,x14,134	 x15:0x00000009 x14:0x0000000f  x0=0x00000000
            54325000	      2684	00000134	01812783	lw	x15,24(x2)	  x2:0x000fffa0 x15=0x0000000f PA:0x000fffb8 store:0x00000000
            54345000	      2685	00000138	03778793	addi	x15,x15,55	 x15:0x0000000f x15=0x00000046
            54365000	      2686	0000013c	00078513	addi	x10,x15,0	 x15:0x00000046 x10=0x00000046
            54405000	      2688	00000140	f45ff0ef	jal	x1,84	  x1=0x00000144
            54425000	      2689	00000084	ff010113	addi	x2,x2,-16	  x2:0x000fffa0  x2=0x000fff90
            54525000	      2694	00000088	00a12623	sw	x10,12(x2)	  x2:0x000fff90 x10:0x00000046 PA:0x000fff9c store:0x00000046 load:0x000207b7
            54625000	      2699	0000008c	00c12783	lw	x15,12(x2)	  x2:0x000fff90 x15=0x00000046 PA:0x000fff9c store:0x00000000
            54645000	      2700	00000090	0ff7f713	andi	x14,x15,255	 x15:0x00000046 x14=0x00000046
            54665000	      2701	00000094	000207b7	lui	x15,0x20	 x15=0x00020000
            54765000	      2706	00000098	00e7a023	sw	x14,0(x15)	 x15:0x00020000 x14:0x00000046 PA:0x00020000 store:0x00000046 load:0x01010113
            54865000	      2711	0000009c	00c12783	lw	x15,12(x2)	  x2:0x000fff90 x15=0x00000046 PA:0x000fff9c store:0x00000000
            54885000	      2712	000000a0	00078513	addi	x10,x15,0	 x15:0x00000046 x10=0x00000046
            54905000	      2713	000000a4	01010113	addi	x2,x2,16	  x2:0x000fff90  x2=0x000fffa0
            54945000	      2715	000000a8	00008067	jalr	x0,0(x1)	  x1:0x00000144  x0=0x00000000
            55045000	      2720	00000144	00c12783	lw	x15,12(x2)	  x2:0x000fffa0 x15=0xf00d0000 PA:0x000fffac store:0x00000000
            55065000	      2721	00000148	00479793	slli	x15,x15,0x4	 x15:0xf00d0000 x15=0x00d00000
            55165000	      2726	0000014c	00f12623	sw	x15,12(x2)	  x2:0x000fffa0 x15:0x00d00000 PA:0x000fffac store:0x00d00000 load:0x00f12e23
            55265000	      2731	00000150	01c12783	lw	x15,28(x2)	  x2:0x000fffa0 x15=0x00000004 PA:0x000fffbc store:0x00000000
            55285000	      2732	00000154	00178793	addi	x15,x15,1	 x15:0x00000004 x15=0x00000005
            55385000	      2737	00000158	00f12e23	sw	x15,28(x2)	  x2:0x000fffa0 x15:0x00000005 PA:0x000fffbc store:0x00000005 load:0xfae7d2e3
            55485000	      2742	0000015c	01c12703	lw	x14,28(x2)	  x2:0x000fffa0 x14=0x00000005 PA:0x000fffbc store:0x00000000
            55505000	      2743	00000160	00700793	addi	x15,x0,7	  x0:0x00000000 x15=0x00000007
            55545000	      2745	00000164	fae7d2e3	bge	x15,x14,108	 x15:0x00000007 x14:0x00000005  x0=0x00000000
            55665000	      2751	00000108	00c12783	lw	x15,12(x2)	  x2:0x000fffa0 x15=0x00d00000 PA:0x000fffac store:0x00000000
            55685000	      2752	0000010c	01c7d793	srli	x15,x15,0x1c	 x15:0x00d00000 x15=0x00000000
            55785000	      2757	00000110	00f12c23	sw	x15,24(x2)	  x2:0x000fffa0 x15:0x00000000 PA:0x000fffb8 store:0x00000000 load:0x00e7cc63
            55885000	      2762	00000114	01812703	lw	x14,24(x2)	  x2:0x000fffa0 x14=0x00000000 PA:0x000fffb8 store:0x00000000
            55905000	      2763	00000118	00900793	addi	x15,x0,9	  x0:0x00000000 x15=0x00000009
            55925000	      2764	0000011c	00e7cc63	blt	x15,x14,134	 x15:0x00000009 x14:0x00000000  x0=0x00000000
            56025000	      2769	00000120	01812783	lw	x15,24(x2)	  x2:0x000fffa0 x15=0x00000000 PA:0x000fffb8 store:0x00000000
            56045000	      2770	00000124	03078793	addi	x15,x15,48	 x15:0x00000000 x15=0x00000030
            56065000	      2771	00000128	00078513	addi	x10,x15,0	 x15:0x00000030 x10=0x00000030
            56105000	      2773	0000012c	f59ff0ef	jal	x1,84	  x1=0x00000130
            56125000	      2774	00000084	ff010113	addi	x2,x2,-16	  x2:0x000fffa0  x2=0x000fff90
            56225000	      2779	00000088	00a12623	sw	x10,12(x2)	  x2:0x000fff90 x10:0x00000030 PA:0x000fff9c store:0x00000030 load:0x000207b7
            56325000	      2784	0000008c	00c12783	lw	x15,12(x2)	  x2:0x000fff90 x15=0x00000030 PA:0x000fff9c store:0x00000000
            56345000	      2785	00000090	0ff7f713	andi	x14,x15,255	 x15:0x00000030 x14=0x00000030
            56365000	      2786	00000094	000207b7	lui	x15,0x20	 x15=0x00020000
            56465000	      2791	00000098	00e7a023	sw	x14,0(x15)	 x15:0x00020000 x14:0x00000030 PA:0x00020000 store:0x00000030 load:0x01010113
            56565000	      2796	0000009c	00c12783	lw	x15,12(x2)	  x2:0x000fff90 x15=0x00000030 PA:0x000fff9c store:0x00000000
            56585000	      2797	000000a0	00078513	addi	x10,x15,0	 x15:0x00000030 x10=0x00000030
            56605000	      2798	000000a4	01010113	addi	x2,x2,16	  x2:0x000fff90  x2=0x000fffa0
            56645000	      2800	000000a8	00008067	jalr	x0,0(x1)	  x1:0x00000130  x0=0x00000000
            56685000	      2802	00000130	0140006f	jal	x0,144	  x0=0x00000000
            56785000	      2807	00000144	00c12783	lw	x15,12(x2)	  x2:0x000fffa0 x15=0x00d00000 PA:0x000fffac store:0x00000000
            56805000	      2808	00000148	00479793	slli	x15,x15,0x4	 x15:0x00d00000 x15=0x0d000000
            56905000	      2813	0000014c	00f12623	sw	x15,12(x2)	  x2:0x000fffa0 x15:0x0d000000 PA:0x000fffac store:0x0d000000 load:0x00f12e23
            57005000	      2818	00000150	01c12783	lw	x15,28(x2)	  x2:0x000fffa0 x15=0x00000005 PA:0x000fffbc store:0x00000000
            57025000	      2819	00000154	00178793	addi	x15,x15,1	 x15:0x00000005 x15=0x00000006
            57125000	      2824	00000158	00f12e23	sw	x15,28(x2)	  x2:0x000fffa0 x15:0x00000006 PA:0x000fffbc store:0x00000006 load:0xfae7d2e3
            57225000	      2829	0000015c	01c12703	lw	x14,28(x2)	  x2:0x000fffa0 x14=0x00000006 PA:0x000fffbc store:0x00000000
            57245000	      2830	00000160	00700793	addi	x15,x0,7	  x0:0x00000000 x15=0x00000007
            57285000	      2832	00000164	fae7d2e3	bge	x15,x14,108	 x15:0x00000007 x14:0x00000006  x0=0x00000000
            57405000	      2838	00000108	00c12783	lw	x15,12(x2)	  x2:0x000fffa0 x15=0x0d000000 PA:0x000fffac store:0x00000000
            57425000	      2839	0000010c	01c7d793	srli	x15,x15,0x1c	 x15:0x0d000000 x15=0x00000000
            57525000	      2844	00000110	00f12c23	sw	x15,24(x2)	  x2:0x000fffa0 x15:0x00000000 PA:0x000fffb8 store:0x00000000 load:0x00e7cc63
            57625000	      2849	00000114	01812703	lw	x14,24(x2)	  x2:0x000fffa0 x14=0x00000000 PA:0x000fffb8 store:0x00000000
            57645000	      2850	00000118	00900793	addi	x15,x0,9	  x0:0x00000000 x15=0x00000009
            57665000	      2851	0000011c	00e7cc63	blt	x15,x14,134	 x15:0x00000009 x14:0x00000000  x0=0x00000000
            57765000	      2856	00000120	01812783	lw	x15,24(x2)	  x2:0x000fffa0 x15=0x00000000 PA:0x000fffb8 store:0x00000000
            57785000	      2857	00000124	03078793	addi	x15,x15,48	 x15:0x00000000 x15=0x00000030
            57805000	      2858	00000128	00078513	addi	x10,x15,0	 x15:0x00000030 x10=0x00000030
            57845000	      2860	0000012c	f59ff0ef	jal	x1,84	  x1=0x00000130
            57865000	      2861	00000084	ff010113	addi	x2,x2,-16	  x2:0x000fffa0  x2=0x000fff90
            57965000	      2866	00000088	00a12623	sw	x10,12(x2)	  x2:0x000fff90 x10:0x00000030 PA:0x000fff9c store:0x00000030 load:0x000207b7
            58065000	      2871	0000008c	00c12783	lw	x15,12(x2)	  x2:0x000fff90 x15=0x00000030 PA:0x000fff9c store:0x00000000
            58085000	      2872	00000090	0ff7f713	andi	x14,x15,255	 x15:0x00000030 x14=0x00000030
            58105000	      2873	00000094	000207b7	lui	x15,0x20	 x15=0x00020000
            58205000	      2878	00000098	00e7a023	sw	x14,0(x15)	 x15:0x00020000 x14:0x00000030 PA:0x00020000 store:0x00000030 load:0x01010113
            58305000	      2883	0000009c	00c12783	lw	x15,12(x2)	  x2:0x000fff90 x15=0x00000030 PA:0x000fff9c store:0x00000000
            58325000	      2884	000000a0	00078513	addi	x10,x15,0	 x15:0x00000030 x10=0x00000030
            58345000	      2885	000000a4	01010113	addi	x2,x2,16	  x2:0x000fff90  x2=0x000fffa0
            58385000	      2887	000000a8	00008067	jalr	x0,0(x1)	  x1:0x00000130  x0=0x00000000
            58425000	      2889	00000130	0140006f	jal	x0,144	  x0=0x00000000
            58525000	      2894	00000144	00c12783	lw	x15,12(x2)	  x2:0x000fffa0 x15=0x0d000000 PA:0x000fffac store:0x00000000
            58545000	      2895	00000148	00479793	slli	x15,x15,0x4	 x15:0x0d000000 x15=0xd0000000
            58645000	      2900	0000014c	00f12623	sw	x15,12(x2)	  x2:0x000fffa0 x15:0xd0000000 PA:0x000fffac store:0xd0000000 load:0x00f12e23
            58745000	      2905	00000150	01c12783	lw	x15,28(x2)	  x2:0x000fffa0 x15=0x00000006 PA:0x000fffbc store:0x00000000
            58765000	      2906	00000154	00178793	addi	x15,x15,1	 x15:0x00000006 x15=0x00000007
            58865000	      2911	00000158	00f12e23	sw	x15,28(x2)	  x2:0x000fffa0 x15:0x00000007 PA:0x000fffbc store:0x00000007 load:0xfae7d2e3
            58965000	      2916	0000015c	01c12703	lw	x14,28(x2)	  x2:0x000fffa0 x14=0x00000007 PA:0x000fffbc store:0x00000000
            58985000	      2917	00000160	00700793	addi	x15,x0,7	  x0:0x00000000 x15=0x00000007
            59025000	      2919	00000164	fae7d2e3	bge	x15,x14,108	 x15:0x00000007 x14:0x00000007  x0=0x00000000
            59145000	      2925	00000108	00c12783	lw	x15,12(x2)	  x2:0x000fffa0 x15=0xd0000000 PA:0x000fffac store:0x00000000
            59165000	      2926	0000010c	01c7d793	srli	x15,x15,0x1c	 x15:0xd0000000 x15=0x0000000d
            59265000	      2931	00000110	00f12c23	sw	x15,24(x2)	  x2:0x000fffa0 x15:0x0000000d PA:0x000fffb8 store:0x0000000d load:0x00e7cc63
            59365000	      2936	00000114	01812703	lw	x14,24(x2)	  x2:0x000fffa0 x14=0x0000000d PA:0x000fffb8 store:0x00000000
            59385000	      2937	00000118	00900793	addi	x15,x0,9	  x0:0x00000000 x15=0x00000009
            59425000	      2939	0000011c	00e7cc63	blt	x15,x14,134	 x15:0x00000009 x14:0x0000000d  x0=0x00000000
            59545000	      2945	00000134	01812783	lw	x15,24(x2)	  x2:0x000fffa0 x15=0x0000000d PA:0x000fffb8 store:0x00000000
            59565000	      2946	00000138	03778793	addi	x15,x15,55	 x15:0x0000000d x15=0x00000044
            59585000	      2947	0000013c	00078513	addi	x10,x15,0	 x15:0x00000044 x10=0x00000044
            59625000	      2949	00000140	f45ff0ef	jal	x1,84	  x1=0x00000144
            59645000	      2950	00000084	ff010113	addi	x2,x2,-16	  x2:0x000fffa0  x2=0x000fff90
            59745000	      2955	00000088	00a12623	sw	x10,12(x2)	  x2:0x000fff90 x10:0x00000044 PA:0x000fff9c store:0x00000044 load:0x000207b7
            59845000	      2960	0000008c	00c12783	lw	x15,12(x2)	  x2:0x000fff90 x15=0x00000044 PA:0x000fff9c store:0x00000000
            59865000	      2961	00000090	0ff7f713	andi	x14,x15,255	 x15:0x00000044 x14=0x00000044
            59885000	      2962	00000094	000207b7	lui	x15,0x20	 x15=0x00020000
            59985000	      2967	00000098	00e7a023	sw	x14,0(x15)	 x15:0x00020000 x14:0x00000044 PA:0x00020000 store:0x00000044 load:0x01010113
            60085000	      2972	0000009c	00c12783	lw	x15,12(x2)	  x2:0x000fff90 x15=0x00000044 PA:0x000fff9c store:0x00000000
            60105000	      2973	000000a0	00078513	addi	x10,x15,0	 x15:0x00000044 x10=0x00000044
            60125000	      2974	000000a4	01010113	addi	x2,x2,16	  x2:0x000fff90  x2=0x000fffa0
            60165000	      2976	000000a8	00008067	jalr	x0,0(x1)	  x1:0x00000144  x0=0x00000000
            60265000	      2981	00000144	00c12783	lw	x15,12(x2)	  x2:0x000fffa0 x15=0xd0000000 PA:0x000fffac store:0x00000000
            60285000	      2982	00000148	00479793	slli	x15,x15,0x4	 x15:0xd0000000 x15=0x00000000
            60385000	      2987	0000014c	00f12623	sw	x15,12(x2)	  x2:0x000fffa0 x15:0x00000000 PA:0x000fffac store:0x00000000 load:0x00f12e23
            60485000	      2992	00000150	01c12783	lw	x15,28(x2)	  x2:0x000fffa0 x15=0x00000007 PA:0x000fffbc store:0x00000000
            60505000	      2993	00000154	00178793	addi	x15,x15,1	 x15:0x00000007 x15=0x00000008
            60605000	      2998	00000158	00f12e23	sw	x15,28(x2)	  x2:0x000fffa0 x15:0x00000008 PA:0x000fffbc store:0x00000008 load:0xfae7d2e3
            60705000	      3003	0000015c	01c12703	lw	x14,28(x2)	  x2:0x000fffa0 x14=0x00000008 PA:0x000fffbc store:0x00000000
            60725000	      3004	00000160	00700793	addi	x15,x0,7	  x0:0x00000000 x15=0x00000007
            60745000	      3005	00000164	fae7d2e3	bge	x15,x14,108	 x15:0x00000007 x14:0x00000008  x0=0x00000000
            60765000	      3006	00000168	00000013	addi	x0,x0,0	  x0:0x00000000  x0=0x00000000
            60865000	      3011	0000016c	02c12083	lw	x1,44(x2)	  x2:0x000fffa0  x1=0x000006b4 PA:0x000fffcc store:0x00000000
            60885000	      3012	00000170	03010113	addi	x2,x2,48	  x2:0x000fffa0  x2=0x000fffd0
            60925000	      3014	00000174	00008067	jalr	x0,0(x1)	  x1:0x000006b4  x0=0x00000000
            60965000	      3016	000006b4	00a00513	addi	x10,x0,10	  x0:0x00000000 x10=0x0000000a
            61005000	      3018	000006b8	9cdff0ef	jal	x1,84	  x1=0x000006bc
            61025000	      3019	00000084	ff010113	addi	x2,x2,-16	  x2:0x000fffd0  x2=0x000fffc0
            61125000	      3024	00000088	00a12623	sw	x10,12(x2)	  x2:0x000fffc0 x10:0x0000000a PA:0x000fffcc store:0x0000000a load:0x000207b7
            61225000	      3029	0000008c	00c12783	lw	x15,12(x2)	  x2:0x000fffc0 x15=0x0000000a PA:0x000fffcc store:0x00000000
            61245000	      3030	00000090	0ff7f713	andi	x14,x15,255	 x15:0x0000000a x14=0x0000000a
            61265000	      3031	00000094	000207b7	lui	x15,0x20	 x15=0x00020000
            61365000	      3036	00000098	00e7a023	sw	x14,0(x15)	 x15:0x00020000 x14:0x0000000a PA:0x00020000 store:0x0000000a load:0x01010113
            61465000	      3041	0000009c	00c12783	lw	x15,12(x2)	  x2:0x000fffc0 x15=0x0000000a PA:0x000fffcc store:0x00000000
            61485000	      3042	000000a0	00078513	addi	x10,x15,0	 x15:0x0000000a x10=0x0000000a
            61505000	      3043	000000a4	01010113	addi	x2,x2,16	  x2:0x000fffc0  x2=0x000fffd0
            61545000	      3045	000000a8	00008067	jalr	x0,0(x1)	  x1:0x000006bc  x0=0x00000000
            61565000	      3046	000006bc	00000513	addi	x10,x0,0	  x0:0x00000000 x10=0x00000000
            61605000	      3048	000006c0	bd1ff0ef	jal	x1,290	  x1=0x000006c4
            61625000	      3049	00000290	fe010113	addi	x2,x2,-32	  x2:0x000fffd0  x2=0x000fffb0
            61725000	      3054	00000294	00a12623	sw	x10,12(x2)	  x2:0x000fffb0 x10:0x00000000 PA:0x000fffbc store:0x00000000 load:0x00000793
            61825000	      3059	00000298	00c12783	lw	x15,12(x2)	  x2:0x000fffb0 x15=0x00000000 PA:0x000fffbc store:0x00000000
            61865000	      3061	0000029c	00078663	beq	x15,x0,2a8	 x15:0x00000000  x0:0x00000000  x0=0x00000000
            61925000	      3064	000002a8	fff00793	addi	x15,x0,-1	  x0:0x00000000 x15=0xffffffff
            62025000	      3069	000002ac	00f12e23	sw	x15,28(x2)	  x2:0x000fffb0 x15:0xffffffff PA:0x000fffcc store:0xffffffff load:0x00000013
            62125000	      3074	000002b0	01c12783	lw	x15,28(x2)	  x2:0x000fffb0 x15=0xffffffff PA:0x000fffcc store:0x00000000
            62145000	      3075	000002b4	32079073	csrrw	x0,mcountinhibit,x15	 x15:0xffffffff  x0=0x00000000
            62165000	      3076	000002b8	00000013	addi	x0,x0,0	  x0:0x00000000  x0=0x00000000
            62185000	      3077	000002bc	02010113	addi	x2,x2,32	  x2:0x000fffb0  x2=0x000fffd0
            62225000	      3079	000002c0	00008067	jalr	x0,0(x1)	  x1:0x000006c4  x0=0x00000000
            62245000	      3080	000006c4	7d000513	addi	x10,x0,2000	  x0:0x00000000 x10=0x000007d0
            62265000	      3081	000006c8	00000593	addi	x11,x0,0	  x0:0x00000000 x11=0x00000000
            62305000	      3083	000006cc	d39ff0ef	jal	x1,404	  x1=0x000006d0
            62325000	      3084	00000404	fe010113	addi	x2,x2,-32	  x2:0x000fffd0  x2=0x000fffb0
            62425000	      3089	00000408	00112e23	sw	x1,28(x2)	  x2:0x000fffb0  x1:0x000006d0 PA:0x000fffcc store:0x000006d0 load:0x00000797
            62525000	      3094	0000040c	00a12423	sw	x10,8(x2)	  x2:0x000fffb0 x10:0x000007d0 PA:0x000fffb8 store:0x000007d0 load:0x4bc78793
            62625000	      3099	00000410	00b12623	sw	x11,12(x2)	  x2:0x000fffb0 x11:0x00000000 PA:0x000fffbc store:0x00000000 load:0x00000693
            62645000	      3100	00000414	00000797	auipc	x15,0x0	 x15=0x00000414
            62665000	      3101	00000418	4bc78793	addi	x15,x15,1212	 x15:0x00000414 x15=0x000008d0
            62685000	      3102	0000041c	00000693	addi	x13,x0,0	  x0:0x00000000 x13=0x00000000
            62705000	      3103	00000420	00000713	addi	x14,x0,0	  x0:0x00000000 x14=0x00000000
            62805000	      3108	00000424	00d7a023	sw	x13,0(x15)	 x15:0x000008d0 x13:0x00000000 PA:0x000008d0 store:0x00000000 load:0x4ac70713
            62905000	      3113	00000428	00e7a223	sw	x14,4(x15)	 x15:0x000008d0 x14:0x00000000 PA:0x000008d4 store:0x00000000 load:0x00812783
            62925000	      3114	0000042c	00000717	auipc	x14,0x0	 x14=0x0000042c
            62945000	      3115	00000430	4ac70713	addi	x14,x14,1196	 x14:0x0000042c x14=0x000008d8
            63045000	      3120	00000434	00812783	lw	x15,8(x2)	  x2:0x000fffb0 x15=0x000007d0 PA:0x000fffb8 store:0x00000000
            63145000	      3125	00000438	00c12803	lw	x16,12(x2)	  x2:0x000fffb0 x16=0x00000000 PA:0x000fffbc store:0x00000000
            63245000	      3130	0000043c	00f72023	sw	x15,0(x14)	 x14:0x000008d8 x15:0x000007d0 PA:0x000008d8 store:0x000007d0 load:0x00c12583
            63345000	      3135	00000440	01072223	sw	x16,4(x14)	 x14:0x000008d8 x16:0x00000000 PA:0x000008dc store:0x00000000 load:0xf51ff0ef
            63445000	      3140	00000444	00812503	lw	x10,8(x2)	  x2:0x000fffb0 x10=0x000007d0 PA:0x000fffb8 store:0x00000000
            63545000	      3145	00000448	00c12583	lw	x11,12(x2)	  x2:0x000fffb0 x11=0x00000000 PA:0x000fffbc store:0x00000000
            63585000	      3147	0000044c	f51ff0ef	jal	x1,39c	  x1=0x00000450
            63625000	      3149	0000039c	fd010113	addi	x2,x2,-48	  x2:0x000fffb0  x2=0x000fff80
            63725000	      3154	000003a0	02112623	sw	x1,44(x2)	  x2:0x000fff80  x1:0x00000450 PA:0x000fffac store:0x00000450 load:0x0d4000ef
            63825000	      3159	000003a4	00a12423	sw	x10,8(x2)	  x2:0x000fff80 x10:0x000007d0 PA:0x000fff88 store:0x000007d0 load:0x00a12c23
            63925000	      3164	000003a8	00b12623	sw	x11,12(x2)	  x2:0x000fff80 x11:0x00000000 PA:0x000fff8c store:0x00000000 load:0x00b12e23
            63965000	      3166	000003ac	0d4000ef	jal	x1,480	  x1=0x000003b0
            64005000	      3168	00000480	ff010113	addi	x2,x2,-16	  x2:0x000fff80  x2=0x000fff70
            64025000	      3169	00000484	00030537	lui	x10,0x30	 x10=0x00030000
            64045000	      3170	00000488	00450513	addi	x10,x10,4	 x10:0x00030000 x10=0x00030004
            64145000	      3175	0000048c	00052503	lw	x10,0(x10)	 x10:0x00030004 x10=0xxxxxxxxx PA:0x00030004 store:0x00000000
            64245000	      3180	00000490	00a12623	sw	x10,12(x2)	  x2:0x000fff70 x10:0xxxxxxxxx PA:0x000fff7c store:0xxxxxxxxx load:0x00a12423
            64265000	      3181	00000494	00030537	lui	x10,0x30	 x10=0x00030000
            64365000	      3186	00000498	00052503	lw	x10,0(x10)	 x10:0x00030000 x10=0xxxxxxxxx PA:0x00030000 store:0x00000000
            64465000	      3191	0000049c	00a12423	sw	x10,8(x2)	  x2:0x000fff70 x10:0xxxxxxxxx PA:0x000fff78 store:0xxxxxxxxx load:0x00052503
            64485000	      3192	000004a0	00030537	lui	x10,0x30	 x10=0x00030000
            64505000	      3193	000004a4	00450513	addi	x10,x10,4	 x10:0x00030000 x10=0x00030004
            64605000	      3198	000004a8	00052503	lw	x10,0(x10)	 x10:0x00030004 x10=0xxxxxxxxx PA:0x00030004 store:0x00000000
            64705000	      3203	000004ac	00c12883	lw	x17,12(x2)	  x2:0x000fff70 x17=0xxxxxxxxx PA:0x000fff7c store:0x00000000s
